  Activating project at `~/mth8408_projet/env`
[ Info: running solver trunk_diom_20
[ Info:          Solver             Name    nvar    ncon           status    iter      Time      f(x)      Dual    Primal  
[ Info:   trunk_diom_20             NZF1      91       0      first_order       9   6.1e-01   2.1e+04   6.1e-12   0.0e+00
[ Info:   trunk_diom_20          arglina     100       0      first_order       5   2.9e-01   5.0e+01   3.8e-15   0.0e+00
[ Info:   trunk_diom_20          arglinb     100       0      first_order       1   2.5e-01   2.5e+01   1.6e-03   0.0e+00
[ Info:   trunk_diom_20          arglinc     100       0      first_order       1   2.7e-01   5.1e+01   2.9e-03   0.0e+00
[ Info:   trunk_diom_20          argtrig     100       0         not_desc     330   2.5e-01  -9.9e+03   1.5e-08   0.0e+00
[ Info:   trunk_diom_20          arwhead     100       0      first_order       6   2.1e-01   0.0e+00   3.1e-15   0.0e+00
[ Info:   trunk_diom_20           auglag     100       0      first_order      49   4.4e-01   1.1e+00   2.3e-11   0.0e+00
[ Info:   trunk_diom_20          bdqrtic     100       0      first_order      12   2.6e-01   1.9e+02   3.6e-09   0.0e+00
[ Info:   trunk_diom_20         boundary     100       0      first_order     123   1.7e+00   1.6e-16   8.7e-11   0.0e+00
[ Info:   trunk_diom_20          brownal     100       0      first_order       2   2.9e-01   1.9e-09   9.2e-07   0.0e+00
[ Info:   trunk_diom_20        browngen1     100       0      first_order      26   2.1e-01   8.2e+01   3.0e+00   0.0e+00
[ Info:   trunk_diom_20        browngen2     100       0      first_order       7   2.6e-01   4.0e-25   1.7e-12   0.0e+00
[ Info:   trunk_diom_20        broyden3d     100       0      first_order       7   2.9e-01   4.4e-20   1.5e-09   0.0e+00
[ Info:   trunk_diom_20        broyden7d     100       0      first_order       9   3.4e-01   3.3e+01   1.0e-10   0.0e+00
[ Info:   trunk_diom_20         broydn7d     100       0      first_order      22   4.5e-01   4.0e+01   6.6e-11   0.0e+00
[ Info:   trunk_diom_20           brybnd     100       0      first_order       9   3.8e-01   2.4e-19   5.3e-09   0.0e+00
[ Info:   trunk_diom_20         chainwoo     100       0      first_order      64   3.3e-01   1.1e+02   1.6e-06   0.0e+00
[ Info:   trunk_diom_20     chnrosnb_mod     100       0      first_order      97   4.0e-01   3.0e-16   2.5e-08   0.0e+00
[ Info:   trunk_diom_20         clplatea     100       0      first_order       6   5.2e-01  -9.1e-03   9.1e-11   0.0e+00
[ Info:   trunk_diom_20         clplateb     100       0      first_order       5   5.5e-01  -6.2e-03   7.7e-11   0.0e+00
[ Info:   trunk_diom_20         clplatec     100       0      first_order       5   5.3e-01  -5.1e-03   9.4e-11   0.0e+00
[ Info:   trunk_diom_20           cosine     100       0      first_order      10   2.1e-01  -9.9e+01   2.8e-10   0.0e+00
[ Info:   trunk_diom_20         cragglvy     100       0      first_order      14   3.3e-01   3.2e+01   2.2e-06   0.0e+00
[ Info:   trunk_diom_20        cragglvy2     100       0      first_order      16   2.9e-01   2.5e+01   5.3e-07   0.0e+00
[ Info:   trunk_diom_20            curly     100       0         not_desc     322   3.7e-01  -1.0e+04   5.9e-08   0.0e+00
[ Info:   trunk_diom_20          curly10     100       0         not_desc     322   3.4e-01  -1.0e+04   5.9e-08   0.0e+00
[ Info:   trunk_diom_20          curly20     100       0         not_desc     316   3.6e-01  -1.0e+04   8.0e-09   0.0e+00
[ Info:   trunk_diom_20          curly30     100       0         not_desc     317   3.4e-01  -1.0e+04   8.9e-09   0.0e+00
┌ Warning: dixmaan: number of variables adjusted to be a multiple of 3
└ @ OptimizationProblems.ADNLPProblems ~/.julia/packages/OptimizationProblems/ZwzTS/src/ADNLPProblems/dixmaan_efgh.jl:12
[ Info:   trunk_diom_20         dixmaane      99       0      first_order      16   4.4e-01   1.0e+00   1.1e-10   0.0e+00
┌ Warning: dixmaan: number of variables adjusted to be a multiple of 3
└ @ OptimizationProblems.ADNLPProblems ~/.julia/packages/OptimizationProblems/ZwzTS/src/ADNLPProblems/dixmaan_efgh.jl:12
[ Info:   trunk_diom_20         dixmaanf      99       0      first_order      11   4.1e-01   1.0e+00   4.2e-10   0.0e+00
┌ Warning: dixmaan: number of variables adjusted to be a multiple of 3
└ @ OptimizationProblems.ADNLPProblems ~/.julia/packages/OptimizationProblems/ZwzTS/src/ADNLPProblems/dixmaan_efgh.jl:12
[ Info:   trunk_diom_20         dixmaang      99       0      first_order      17   1.2e-02   1.0e+00   2.0e-10   0.0e+00
┌ Warning: dixmaan: number of variables adjusted to be a multiple of 3
└ @ OptimizationProblems.ADNLPProblems ~/.julia/packages/OptimizationProblems/ZwzTS/src/ADNLPProblems/dixmaan_efgh.jl:12
[ Info:   trunk_diom_20         dixmaanh      99       0      first_order      16   1.2e-02   1.0e+00   1.8e-10   0.0e+00
┌ Warning: dixmaan: number of variables adjusted to be a multiple of 3
└ @ OptimizationProblems.ADNLPProblems ~/.julia/packages/OptimizationProblems/ZwzTS/src/ADNLPProblems/dixmaan_ijkl.jl:12
[ Info:   trunk_diom_20         dixmaani      99       0      first_order      13   4.7e-01   1.0e+00   2.7e-09   0.0e+00
┌ Warning: dixmaan: number of variables adjusted to be a multiple of 3
└ @ OptimizationProblems.ADNLPProblems ~/.julia/packages/OptimizationProblems/ZwzTS/src/ADNLPProblems/dixmaan_ijkl.jl:12
[ Info:   trunk_diom_20         dixmaanj      99       0      first_order      19   4.7e-01   1.0e+00   6.2e-11   0.0e+00
┌ Warning: dixmaan: number of variables adjusted to be a multiple of 3
└ @ OptimizationProblems.ADNLPProblems ~/.julia/packages/OptimizationProblems/ZwzTS/src/ADNLPProblems/dixmaan_ijkl.jl:12
[ Info:   trunk_diom_20         dixmaank      99       0      first_order      16   3.9e-02   1.0e+00   1.5e-08   0.0e+00
┌ Warning: dixmaan: number of variables adjusted to be a multiple of 3
└ @ OptimizationProblems.ADNLPProblems ~/.julia/packages/OptimizationProblems/ZwzTS/src/ADNLPProblems/dixmaan_ijkl.jl:12
[ Info:   trunk_diom_20         dixmaanl      99       0      first_order      19   4.3e-02   1.0e+00   1.4e-08   0.0e+00
┌ Warning: dixmaan: number of variables adjusted to be a multiple of 3
└ @ OptimizationProblems.ADNLPProblems ~/.julia/packages/OptimizationProblems/ZwzTS/src/ADNLPProblems/dixmaan_mnop.jl:12
[ Info:   trunk_diom_20         dixmaanm      99       0      first_order       9   4.6e-01   1.0e+00   6.7e-10   0.0e+00
┌ Warning: dixmaan: number of variables adjusted to be a multiple of 3
└ @ OptimizationProblems.ADNLPProblems ~/.julia/packages/OptimizationProblems/ZwzTS/src/ADNLPProblems/dixmaan_mnop.jl:12
[ Info:   trunk_diom_20         dixmaann      99       0      first_order      21   4.9e-01   1.0e+00   4.2e-09   0.0e+00
┌ Warning: dixmaan: number of variables adjusted to be a multiple of 3
└ @ OptimizationProblems.ADNLPProblems ~/.julia/packages/OptimizationProblems/ZwzTS/src/ADNLPProblems/dixmaan_mnop.jl:12
[ Info:   trunk_diom_20         dixmaano      99       0      first_order      19   6.8e-02   1.0e+00   1.2e-10   0.0e+00
┌ Warning: dixmaan: number of variables adjusted to be a multiple of 3
└ @ OptimizationProblems.ADNLPProblems ~/.julia/packages/OptimizationProblems/ZwzTS/src/ADNLPProblems/dixmaan_mnop.jl:12
[ Info:   trunk_diom_20         dixmaanp      99       0      first_order      18   6.0e-02   1.0e+00   9.8e-09   0.0e+00
[ Info:   trunk_diom_20         dixon3dq     100       0      first_order       9   2.3e-01   0.0e+00   0.0e+00   0.0e+00
[ Info:   trunk_diom_20          dqdrtic     100       0      first_order       5   2.1e-01   1.1e-14   2.2e-07   0.0e+00
[ Info:   trunk_diom_20           dqrtic     100       0      first_order      20   2.4e-01   3.8e-05   6.9e-04   0.0e+00
[ Info:   trunk_diom_20          edensch     100       0      first_order       9   2.5e-01   6.0e+02   3.6e-11   0.0e+00
[ Info:   trunk_diom_20              eg2     100       0      first_order       3   2.2e-01  -9.9e+01   1.4e-09   0.0e+00
[ Info:   trunk_diom_20          engval1     100       0      first_order      10   2.2e-01   1.1e+02   3.3e-10   0.0e+00
[ Info:   trunk_diom_20     errinros_mod     100       0      first_order      78   3.8e-01   3.9e+01   3.8e-09   0.0e+00
[ Info:   trunk_diom_20         extrosnb     100       0      first_order    2592   1.4e+00   1.6e-09   1.2e-06   0.0e+00
[ Info:   trunk_diom_20         fletcbv2     100       0      first_order       4   3.1e-01  -5.1e-01   1.1e-12   0.0e+00
[ Info:   trunk_diom_20     fletcbv3_mod     100       0      first_order      58   3.3e-01  -2.0e+00   5.7e-13   0.0e+00
[ Info:   trunk_diom_20         fletchcr     100       0      first_order      78   2.3e-01   6.1e-21   2.5e-09   0.0e+00
[ Info:   trunk_diom_20         freuroth     100       0      first_order      18   3.0e-01   5.9e+03   5.3e-11   0.0e+00
[ Info:   trunk_diom_20      genbroydenb     100       0      first_order      14   3.1e-01   7.2e-14   1.7e-07   0.0e+00
[ Info:   trunk_diom_20    genbroydentri     100       0      first_order      14   3.1e-01   5.1e-16   9.5e-09   0.0e+00
[ Info:   trunk_diom_20         genhumps     100       0      first_order    2690   1.3e+00   1.8e-17   2.4e-09   0.0e+00
[ Info:   trunk_diom_20          genrose     100       0      first_order      62   2.9e-01   1.0e+00   9.0e-11   0.0e+00
[ Info:   trunk_diom_20     genrose_nash     100       0      first_order      68   2.9e-01   1.0e+00   8.5e-11   0.0e+00
[ Info:   trunk_diom_20        indef_mod     100       0         not_desc     453   3.2e-01  -1.0e+04   6.5e-08   0.0e+00
[ Info:   trunk_diom_20         integreq     100       0         not_desc     291   4.5e-01   1.2e-19   5.0e-10   0.0e+00
[ Info:   trunk_diom_20          liarwhd     100       0      first_order      11   2.3e-01   1.3e-27   8.7e-13   0.0e+00
[ Info:   trunk_diom_20           morebv     100       0      first_order     114   1.8e+00   2.2e-16   1.0e-10   0.0e+00
[ Info:   trunk_diom_20         nazareth     100       0      first_order      12   2.8e-01   1.0e+03   2.1e-10   0.0e+00
[ Info:   trunk_diom_20            ncb20     100       0      first_order      35   6.1e-01   1.6e+02   1.5e-09   0.0e+00
[ Info:   trunk_diom_20           ncb20b     100       0      first_order      18   6.6e-01   2.0e+02   9.3e-11   0.0e+00
[ Info:   trunk_diom_20         noncvxu2     100       0      first_order      38   2.7e-01   2.3e+02   2.7e-07   0.0e+00
[ Info:   trunk_diom_20         noncvxun     100       0      first_order      38   2.7e-01   2.3e+02   2.0e-09   0.0e+00
[ Info:   trunk_diom_20           nondia     100       0      first_order       8   2.3e-01   1.0e-13   1.3e-07   0.0e+00
[ Info:   trunk_diom_20         nondquar     100       0      first_order      70   3.3e-01   1.1e-10   9.4e-09   0.0e+00
[ Info:   trunk_diom_20         penalty1     100       0      first_order      19   3.0e-01   1.1e-03   3.9e-02   0.0e+00
[ Info:   trunk_diom_20         penalty2     100       0      first_order      17   4.6e-01   9.7e+04   2.6e-05   0.0e+00
[ Info:   trunk_diom_20         penalty3     100       0         neg_pred      72   6.6e-01   3.8e+07   8.3e+08   0.0e+00
[ Info:   trunk_diom_20         powellsg     100       0      first_order      20   2.7e-01   9.3e-11   1.1e-07   0.0e+00
[ Info:   trunk_diom_20            power     100       0      first_order      20   2.2e-01   2.6e-07   2.0e-04   0.0e+00
[ Info:   trunk_diom_20           quartc     100       0      first_order      20   2.1e-01   3.8e-05   6.9e-04   0.0e+00
[ Info:   trunk_diom_20          sbrybnd     100       0      first_order    1435   6.3e+01   1.3e+00   2.4e-06   0.0e+00
[ Info:   trunk_diom_20         schmvett     100       0      first_order      12   2.7e-01  -2.9e+02   5.5e-10   0.0e+00
[ Info:   trunk_diom_20          scosine     100       0         not_desc     495   1.3e+00  -9.9e+01   5.7e-07   0.0e+00
[ Info:   trunk_diom_20          sinquad     100       0      first_order      68   2.6e-01   6.8e-13   1.6e-10   0.0e+00
[ Info:   trunk_diom_20         sparsine     100       0      first_order      40   4.1e-01   2.7e-15   5.5e-07   0.0e+00
[ Info:   trunk_diom_20         sparsqur     100       0      first_order      19   2.7e-01   7.0e-11   1.2e-07   0.0e+00
[ Info:   trunk_diom_20         spmsrtls     100       0      first_order      13   7.0e-01   3.8e-21   8.8e-11   0.0e+00
[ Info:   trunk_diom_20         srosenbr     100       0      first_order      28   2.2e-01   6.2e-31   1.6e-15   0.0e+00
[ Info:   trunk_diom_20         tointgss     100       0      first_order      15   2.9e-01   9.7e+00   3.4e-09   0.0e+00
[ Info:   trunk_diom_20         tquartic     100       0      first_order      13   2.1e-01   1.6e-21   1.2e-10   0.0e+00
[ Info:   trunk_diom_20           tridia     100       0      first_order       8   2.2e-01   2.4e-21   7.5e-10   0.0e+00
[ Info:   trunk_diom_20           vardim     100       0      first_order      19   3.0e-01   6.4e+00   8.6e+03   0.0e+00
[ Info:   trunk_diom_20            woods     100       0      first_order      53   2.8e-01   1.0e-18   1.1e-08   0.0e+00
--> Problem found:    88
