  Activating project at `~/mth8408_projet/env`
[ Info: running solver trunk_diom_200
[ Info:          Solver             Name    nvar    ncon           status    iter      Time      f(x)      Dual    Primal  
[ Info:  trunk_diom_200             NZF1     988       0         not_desc     318   9.8e-01   3.4e+05   1.1e-05   0.0e+00
[ Info:  trunk_diom_200          arglina    1000       0      first_order       5   3.8e-01   5.0e+02   9.6e-14   0.0e+00
[ Info:  trunk_diom_200          arglinb    1000       0      first_order       1   2.7e-01   2.5e+02   5.2e+03   0.0e+00
[ Info:  trunk_diom_200          arglinc    1000       0      first_order       1   2.8e-01   5.0e+02   2.3e+04   0.0e+00
[ Info:  trunk_diom_200          argtrig    1000       0         not_desc     352   2.7e+00  -1.0e+06   2.9e-07   0.0e+00
[ Info:  trunk_diom_200          arwhead    1000       0      first_order       6   2.7e-01   0.0e+00   1.1e-11   0.0e+00
[ Info:  trunk_diom_200           auglag    1000       0      first_order      25   1.1e+00   1.1e+01   1.8e-11   0.0e+00
[ Info:  trunk_diom_200          bdqrtic    1000       0      first_order      13   8.8e-01   2.0e+03   8.4e-09   0.0e+00
[ Info:  trunk_diom_200         boundary    1000       0         max_time      20   2.4e+02   1.9e-08   5.7e-07   0.0e+00
[ Info:  trunk_diom_200          brownal    1000       0      first_order       2   3.2e-01   1.9e-13   9.3e-07   0.0e+00
[ Info:  trunk_diom_200        browngen1    1000       0      first_order      32   1.2e+00   9.8e+02   2.8e-02   0.0e+00
[ Info:  trunk_diom_200        browngen2    1000       0      first_order       8   5.0e-01   2.0e-45   8.9e-23   0.0e+00
[ Info:  trunk_diom_200        broyden3d    1000       0      first_order       8   5.0e-01   2.1e-25   3.3e-12   0.0e+00
[ Info:  trunk_diom_200        broyden7d    1000       0      first_order       9   1.0e+00   3.4e+02   7.6e-10   0.0e+00
[ Info:  trunk_diom_200         broydn7d    1000       0      first_order      85   2.3e+01   2.6e+02   1.6e-12   0.0e+00
[ Info:  trunk_diom_200           brybnd    1000       0      first_order      10   8.3e-01   1.6e-24   1.4e-11   0.0e+00
[ Info:  trunk_diom_200         chainwoo    1000       0      first_order     155   2.5e+01   1.0e+02   6.3e-12   0.0e+00
[ Info:  trunk_diom_200     chnrosnb_mod    1000       0      first_order     778   1.8e+02   4.1e-19   6.8e-10   0.0e+00
┌ Warning: clplatea: number of variables adjusted from 1000 to 961
└ @ OptimizationProblems.ADNLPProblems ~/.julia/packages/OptimizationProblems/ZwzTS/src/ADNLPProblems/clplatea.jl:10
[ Info:  trunk_diom_200         clplatea     961       0      first_order       8   2.6e+00  -1.1e-02   1.0e-12   0.0e+00
┌ Warning: clplateb: number of variables adjusted from 1000 to 961
└ @ OptimizationProblems.ADNLPProblems ~/.julia/packages/OptimizationProblems/ZwzTS/src/ADNLPProblems/clplateb.jl:10
[ Info:  trunk_diom_200         clplateb     961       0         not_desc     305   2.2e+00  -5.3e-03   3.8e-10   0.0e+00
┌ Warning: clplatec: number of variables adjusted from 1000 to 961
└ @ OptimizationProblems.ADNLPProblems ~/.julia/packages/OptimizationProblems/ZwzTS/src/ADNLPProblems/clplatec.jl:12
[ Info:  trunk_diom_200         clplatec     961       0         not_desc     294   1.2e+01  -5.0e-03   4.7e-12   0.0e+00
[ Info:  trunk_diom_200           cosine    1000       0         not_desc     317   2.9e-01  -1.0e+03   7.2e-08   0.0e+00
[ Info:  trunk_diom_200         cragglvy    1000       0      first_order      16   1.1e+00   3.4e+02   1.4e-10   0.0e+00
[ Info:  trunk_diom_200        cragglvy2    1000       0      first_order      19   1.4e+00   2.7e+02   3.9e-10   0.0e+00
[ Info:  trunk_diom_200            curly    1000       0         not_desc     319   4.1e+01  -1.0e+05   9.3e-10   0.0e+00
[ Info:  trunk_diom_200          curly10    1000       0         not_desc     319   4.1e+01  -1.0e+05   9.3e-10   0.0e+00
[ Info:  trunk_diom_200          curly20    1000       0         not_desc     315   3.9e+01  -1.0e+05   2.0e-10   0.0e+00
[ Info:  trunk_diom_200          curly30    1000       0         not_desc     329   3.3e+01  -1.0e+05   2.7e-09   0.0e+00
┌ Warning: dixmaan: number of variables adjusted to be a multiple of 3
└ @ OptimizationProblems.ADNLPProblems ~/.julia/packages/OptimizationProblems/ZwzTS/src/ADNLPProblems/dixmaan_efgh.jl:12
[ Info:  trunk_diom_200         dixmaane     999       0      first_order      24   4.4e+00   1.0e+00   1.1e-12   0.0e+00
┌ Warning: dixmaan: number of variables adjusted to be a multiple of 3
└ @ OptimizationProblems.ADNLPProblems ~/.julia/packages/OptimizationProblems/ZwzTS/src/ADNLPProblems/dixmaan_efgh.jl:12
[ Info:  trunk_diom_200         dixmaanf     999       0      first_order      17   3.7e+00   1.0e+00   1.1e-10   0.0e+00
┌ Warning: dixmaan: number of variables adjusted to be a multiple of 3
└ @ OptimizationProblems.ADNLPProblems ~/.julia/packages/OptimizationProblems/ZwzTS/src/ADNLPProblems/dixmaan_efgh.jl:12
[ Info:  trunk_diom_200         dixmaang     999       0      first_order      17   3.8e+00   1.0e+00   1.3e-12   0.0e+00
┌ Warning: dixmaan: number of variables adjusted to be a multiple of 3
└ @ OptimizationProblems.ADNLPProblems ~/.julia/packages/OptimizationProblems/ZwzTS/src/ADNLPProblems/dixmaan_efgh.jl:12
[ Info:  trunk_diom_200         dixmaanh     999       0      first_order      17   2.9e+00   1.0e+00   3.1e-09   0.0e+00
┌ Warning: dixmaan: number of variables adjusted to be a multiple of 3
└ @ OptimizationProblems.ADNLPProblems ~/.julia/packages/OptimizationProblems/ZwzTS/src/ADNLPProblems/dixmaan_ijkl.jl:12
[ Info:  trunk_diom_200         dixmaani     999       0      first_order      27   5.2e+01   1.0e+00   5.2e-10   0.0e+00
┌ Warning: dixmaan: number of variables adjusted to be a multiple of 3
└ @ OptimizationProblems.ADNLPProblems ~/.julia/packages/OptimizationProblems/ZwzTS/src/ADNLPProblems/dixmaan_ijkl.jl:12
[ Info:  trunk_diom_200         dixmaanj     999       0      first_order      38   5.6e+01   1.0e+00   5.5e-12   0.0e+00
┌ Warning: dixmaan: number of variables adjusted to be a multiple of 3
└ @ OptimizationProblems.ADNLPProblems ~/.julia/packages/OptimizationProblems/ZwzTS/src/ADNLPProblems/dixmaan_ijkl.jl:12
[ Info:  trunk_diom_200         dixmaank     999       0      first_order      43   6.0e+01   1.0e+00   4.2e-11   0.0e+00
┌ Warning: dixmaan: number of variables adjusted to be a multiple of 3
└ @ OptimizationProblems.ADNLPProblems ~/.julia/packages/OptimizationProblems/ZwzTS/src/ADNLPProblems/dixmaan_ijkl.jl:12
[ Info:  trunk_diom_200         dixmaanl     999       0      first_order      42   5.9e+01   1.0e+00   7.9e-10   0.0e+00
┌ Warning: dixmaan: number of variables adjusted to be a multiple of 3
└ @ OptimizationProblems.ADNLPProblems ~/.julia/packages/OptimizationProblems/ZwzTS/src/ADNLPProblems/dixmaan_mnop.jl:12
[ Info:  trunk_diom_200         dixmaanm     999       0      first_order      10   7.3e+01   1.0e+00   4.7e-12   0.0e+00
┌ Warning: dixmaan: number of variables adjusted to be a multiple of 3
└ @ OptimizationProblems.ADNLPProblems ~/.julia/packages/OptimizationProblems/ZwzTS/src/ADNLPProblems/dixmaan_mnop.jl:12
[ Info:  trunk_diom_200         dixmaann     999       0      first_order      22   8.3e+01   1.0e+00   1.7e-11   0.0e+00
┌ Warning: dixmaan: number of variables adjusted to be a multiple of 3
└ @ OptimizationProblems.ADNLPProblems ~/.julia/packages/OptimizationProblems/ZwzTS/src/ADNLPProblems/dixmaan_mnop.jl:12
[ Info:  trunk_diom_200         dixmaano     999       0      first_order      49   1.5e+02   1.0e+00   1.3e-11   0.0e+00
┌ Warning: dixmaan: number of variables adjusted to be a multiple of 3
└ @ OptimizationProblems.ADNLPProblems ~/.julia/packages/OptimizationProblems/ZwzTS/src/ADNLPProblems/dixmaan_mnop.jl:12
[ Info:  trunk_diom_200         dixmaanp     999       0      first_order      37   1.3e+02   1.0e+00   3.0e-11   0.0e+00
[ Info:  trunk_diom_200         dixon3dq    1000       0      first_order      13   5.4e+00   0.0e+00   0.0e+00   0.0e+00
[ Info:  trunk_diom_200          dqdrtic    1000       0      first_order       6   2.8e-01   1.2e-19   1.4e-09   0.0e+00
[ Info:  trunk_diom_200           dqrtic    1000       0      first_order      31   4.3e-01   7.3e-03   2.0e-02   0.0e+00
[ Info:  trunk_diom_200          edensch    1000       0      first_order       9   4.3e-01   6.0e+03   6.4e-10   0.0e+00
[ Info:  trunk_diom_200              eg2    1000       0         not_desc     302   2.3e-01  -1.0e+03   6.0e-09   0.0e+00
[ Info:  trunk_diom_200          engval1    1000       0         not_desc     317   3.5e-01   1.1e+03   4.0e-08   0.0e+00
[ Info:  trunk_diom_200     errinros_mod    1000       0         not_desc     383   4.5e+00   4.0e+02   1.8e-06   0.0e+00
[ Info:  trunk_diom_200         extrosnb    1000       0         max_time    8744   2.4e+02   6.9e-10   8.4e-08   0.0e+00
[ Info:  trunk_diom_200         fletcbv2    1000       0         not_desc     294   1.0e+01  -5.0e-01   1.2e-12   0.0e+00
[ Info:  trunk_diom_200     fletcbv3_mod    1000       0         not_desc     392   2.8e+00  -2.0e+03   1.0e-10   0.0e+00
[ Info:  trunk_diom_200         fletchcr    1000       0      first_order     652   1.5e+01   2.9e-23   2.1e-11   0.0e+00
[ Info:  trunk_diom_200         freuroth    1000       0         not_desc     327   7.2e-01   6.1e+04   1.7e-07   0.0e+00
[ Info:  trunk_diom_200      genbroydenb    1000       0      first_order      16   4.0e+00   2.5e-16   7.0e-09   0.0e+00
[ Info:  trunk_diom_200    genbroydentri    1000       0      first_order      16   1.0e+00   7.3e-18   7.0e-10   0.0e+00
[ Info:  trunk_diom_200         genhumps    1000       0         max_time   10115   2.4e+02   8.0e+01   2.3e+01   0.0e+00
[ Info:  trunk_diom_200          genrose    1000       0      first_order     455   1.7e+01   1.0e+00   1.1e-12   0.0e+00
[ Info:  trunk_diom_200     genrose_nash    1000       0      first_order     544   1.2e+01   1.0e+00   1.3e-12   0.0e+00
[ Info:  trunk_diom_200        indef_mod    1000       0         not_desc     532   5.1e+00  -9.9e+04   5.9e-09   0.0e+00
[ Info:  trunk_diom_200         integreq    1000       0      first_order       5   6.8e+01   1.7e-25   5.9e-13   0.0e+00
[ Info:  trunk_diom_200          liarwhd    1000       0      first_order      14   3.2e-01   3.8e-20   2.5e-08   0.0e+00
[ Info:  trunk_diom_200           morebv    1000       0         max_time      22   2.4e+02   2.0e-07   4.3e-06   0.0e+00
[ Info:  trunk_diom_200         nazareth    1000       0         not_desc     313   1.4e+00   7.6e+05   3.0e-07   0.0e+00
[ Info:  trunk_diom_200            ncb20    1000       0      first_order      58   2.1e+01   9.2e+02   1.0e-12   0.0e+00
[ Info:  trunk_diom_200           ncb20b    1000       0         not_desc     329   5.3e+01   1.7e+03   1.2e-09   0.0e+00
[ Info:  trunk_diom_200         noncvxu2    1000       0      first_order     464   2.5e+01   2.3e+03   2.4e-11   0.0e+00
[ Info:  trunk_diom_200         noncvxun    1000       0      first_order     343   1.3e+02   2.3e+03   4.8e-08   0.0e+00
[ Info:  trunk_diom_200           nondia    1000       0      first_order       6   2.5e-01   3.0e-18   2.2e-10   0.0e+00
[ Info:  trunk_diom_200         nondquar    1000       0      first_order    1001   5.6e+01   1.1e-09   3.4e-09   0.0e+00
[ Info:  trunk_diom_200         penalty1    1000       0      first_order      31   5.0e-01   1.9e+00   5.8e+00   0.0e+00
[ Info:  trunk_diom_200         penalty2    1000       0         not_desc     344   0.0e+00   1.4e+83   4.9e+38   0.0e+00
[ Info:  trunk_diom_200         penalty3    1000       0      first_order      73   8.7e+00   3.5e+06   5.1e-06   0.0e+00
[ Info:  trunk_diom_200         powellsg    1000       0      first_order      24   4.8e-01   1.4e-12   2.6e-09   0.0e+00
[ Info:  trunk_diom_200            power    1000       0      first_order      23   9.3e-01   2.6e-05   1.7e-02   0.0e+00
[ Info:  trunk_diom_200           quartc    1000       0      first_order      31   4.2e-01   7.3e-03   2.0e-02   0.0e+00
[ Info:  trunk_diom_200          sbrybnd    1000       0         max_time     389   2.4e+02   1.4e+03   4.2e+03   0.0e+00
[ Info:  trunk_diom_200         schmvett    1000       0      first_order      11   6.7e-01  -3.0e+03   4.9e-11   0.0e+00
[ Info:  trunk_diom_200          scosine    1000       0         max_time     514   2.4e+02  -3.1e+02   8.3e+03   0.0e+00
[ Info:  trunk_diom_200          sinquad    1000       0         not_desc     731   6.3e+00   4.1e-15   1.4e-08   0.0e+00
[ Info:  trunk_diom_200         sparsine    1000       0         max_time      98   2.4e+02   2.3e-09   2.4e-04   0.0e+00
[ Info:  trunk_diom_200         sparsqur    1000       0      first_order      23   9.2e-01   1.0e-11   2.9e-08   0.0e+00
[ Info:  trunk_diom_200         spmsrtls    1000       0         not_desc     306   4.2e+00   1.6e-22   1.7e-11   0.0e+00
[ Info:  trunk_diom_200         srosenbr    1000       0      first_order      31   3.5e-01   1.0e-25   1.4e-11   0.0e+00
[ Info:  trunk_diom_200         tointgss    1000       0      first_order       9   4.3e-01   1.0e+01   2.8e-11   0.0e+00
[ Info:  trunk_diom_200         tquartic    1000       0         not_desc     299   2.8e-01   1.0e-19   2.9e-08   0.0e+00
[ Info:  trunk_diom_200           tridia    1000       0      first_order       9   2.2e+00   3.3e-20   6.8e-09   0.0e+00
[ Info:  trunk_diom_200           vardim    1000       0      first_order      23   4.9e-01   7.8e+05   1.9e+09   0.0e+00
[ Info:  trunk_diom_200            woods    1000       0      first_order      43   7.4e-01   2.1e-21   2.0e-09   0.0e+00
--> Problem found:    88
