  Activating project at `~/mth8408_projet/env`
[ Info: running solver trunk_cg
[ Info:          Solver             Name    nvar    ncon           status    iter      Time      f(x)      Dual    Primal  
[ Info:        trunk_cg             NZF1     988       0         not_desc     318   9.9e-01   3.4e+05   1.1e-05   0.0e+00
[ Info:        trunk_cg          arglina    1000       0      first_order       5   3.8e-01   5.0e+02   5.8e-15   0.0e+00
[ Info:        trunk_cg          arglinb    1000       0      first_order       1   2.7e-01   2.5e+02   1.4e+04   0.0e+00
[ Info:        trunk_cg          arglinc    1000       0      first_order       1   2.7e-01   5.0e+02   5.7e+04   0.0e+00
[ Info:        trunk_cg          argtrig    1000       0         not_desc     352   2.6e+00  -1.0e+06   2.9e-07   0.0e+00
[ Info:        trunk_cg          arwhead    1000       0      first_order       6   2.7e-01   0.0e+00   1.1e-11   0.0e+00
[ Info:        trunk_cg           auglag    1000       0      first_order      25   1.1e+00   1.1e+01   1.3e-11   0.0e+00
[ Info:        trunk_cg          bdqrtic    1000       0      first_order      13   9.2e-01   2.0e+03   8.4e-09   0.0e+00
[ Info:        trunk_cg         boundary    1000       0         max_time      20   2.4e+02   1.9e-08   4.8e-07   0.0e+00
[ Info:        trunk_cg          brownal    1000       0      first_order       2   3.2e-01   1.9e-13   9.3e-07   0.0e+00
[ Info:        trunk_cg        browngen1    1000       0      first_order      32   1.2e+00   9.8e+02   2.1e-02   0.0e+00
[ Info:        trunk_cg        browngen2    1000       0      first_order       8   5.0e-01   1.1e-45   6.6e-23   0.0e+00
[ Info:        trunk_cg        broyden3d    1000       0      first_order       8   5.1e-01   2.1e-25   3.3e-12   0.0e+00
[ Info:        trunk_cg        broyden7d    1000       0      first_order       9   1.0e+00   3.4e+02   7.6e-10   0.0e+00
[ Info:        trunk_cg         broydn7d    1000       0         not_desc     392   2.7e+01   2.3e+02   1.1e-09   0.0e+00
[ Info:        trunk_cg           brybnd    1000       0      first_order      10   8.3e-01   1.6e-24   1.4e-11   0.0e+00
[ Info:        trunk_cg         chainwoo    1000       0      first_order     144   2.4e+01   7.9e+01   1.9e-11   0.0e+00
[ Info:        trunk_cg     chnrosnb_mod    1000       0      first_order     779   1.9e+02   4.4e-25   7.0e-12   0.0e+00
┌ Warning: clplatea: number of variables adjusted from 1000 to 961
└ @ OptimizationProblems.ADNLPProblems ~/.julia/packages/OptimizationProblems/ZwzTS/src/ADNLPProblems/clplatea.jl:10
[ Info:        trunk_cg         clplatea     961       0      first_order       8   2.7e+00  -1.1e-02   1.1e-12   0.0e+00
┌ Warning: clplateb: number of variables adjusted from 1000 to 961
└ @ OptimizationProblems.ADNLPProblems ~/.julia/packages/OptimizationProblems/ZwzTS/src/ADNLPProblems/clplateb.jl:10
[ Info:        trunk_cg         clplateb     961       0         not_desc     305   2.1e+00  -5.3e-03   3.8e-10   0.0e+00
┌ Warning: clplatec: number of variables adjusted from 1000 to 961
└ @ OptimizationProblems.ADNLPProblems ~/.julia/packages/OptimizationProblems/ZwzTS/src/ADNLPProblems/clplatec.jl:12
[ Info:        trunk_cg         clplatec     961       0         not_desc     295   1.1e+01  -5.0e-03   4.4e-12   0.0e+00
[ Info:        trunk_cg           cosine    1000       0         not_desc     317   2.8e-01  -1.0e+03   7.2e-08   0.0e+00
[ Info:        trunk_cg         cragglvy    1000       0      first_order      16   1.0e+00   3.4e+02   1.4e-10   0.0e+00
[ Info:        trunk_cg        cragglvy2    1000       0      first_order      19   1.3e+00   2.7e+02   3.9e-10   0.0e+00
[ Info:        trunk_cg            curly    1000       0         not_desc     324   5.1e+01  -1.0e+05   1.7e-08   0.0e+00
[ Info:        trunk_cg          curly10    1000       0         not_desc     324   5.1e+01  -1.0e+05   1.7e-08   0.0e+00
[ Info:        trunk_cg          curly20    1000       0         not_desc     321   7.9e+01  -1.0e+05   1.0e-08   0.0e+00
[ Info:        trunk_cg          curly30    1000       0         not_desc     334   8.6e+01  -1.0e+05   2.6e-08   0.0e+00
┌ Warning: dixmaan: number of variables adjusted to be a multiple of 3
└ @ OptimizationProblems.ADNLPProblems ~/.julia/packages/OptimizationProblems/ZwzTS/src/ADNLPProblems/dixmaan_efgh.jl:12
[ Info:        trunk_cg         dixmaane     999       0      first_order      24   4.4e+00   1.0e+00   1.1e-12   0.0e+00
┌ Warning: dixmaan: number of variables adjusted to be a multiple of 3
└ @ OptimizationProblems.ADNLPProblems ~/.julia/packages/OptimizationProblems/ZwzTS/src/ADNLPProblems/dixmaan_efgh.jl:12
[ Info:        trunk_cg         dixmaanf     999       0      first_order      17   3.7e+00   1.0e+00   1.1e-10   0.0e+00
┌ Warning: dixmaan: number of variables adjusted to be a multiple of 3
└ @ OptimizationProblems.ADNLPProblems ~/.julia/packages/OptimizationProblems/ZwzTS/src/ADNLPProblems/dixmaan_efgh.jl:12
[ Info:        trunk_cg         dixmaang     999       0      first_order      17   3.8e+00   1.0e+00   1.3e-12   0.0e+00
┌ Warning: dixmaan: number of variables adjusted to be a multiple of 3
└ @ OptimizationProblems.ADNLPProblems ~/.julia/packages/OptimizationProblems/ZwzTS/src/ADNLPProblems/dixmaan_efgh.jl:12
[ Info:        trunk_cg         dixmaanh     999       0      first_order      17   2.9e+00   1.0e+00   3.1e-09   0.0e+00
┌ Warning: dixmaan: number of variables adjusted to be a multiple of 3
└ @ OptimizationProblems.ADNLPProblems ~/.julia/packages/OptimizationProblems/ZwzTS/src/ADNLPProblems/dixmaan_ijkl.jl:12
[ Info:        trunk_cg         dixmaani     999       0      first_order      27   5.2e+01   1.0e+00   5.1e-10   0.0e+00
┌ Warning: dixmaan: number of variables adjusted to be a multiple of 3
└ @ OptimizationProblems.ADNLPProblems ~/.julia/packages/OptimizationProblems/ZwzTS/src/ADNLPProblems/dixmaan_ijkl.jl:12
[ Info:        trunk_cg         dixmaanj     999       0      first_order      38   5.6e+01   1.0e+00   4.0e-12   0.0e+00
┌ Warning: dixmaan: number of variables adjusted to be a multiple of 3
└ @ OptimizationProblems.ADNLPProblems ~/.julia/packages/OptimizationProblems/ZwzTS/src/ADNLPProblems/dixmaan_ijkl.jl:12
[ Info:        trunk_cg         dixmaank     999       0      first_order      43   6.8e+01   1.0e+00   1.1e-11   0.0e+00
┌ Warning: dixmaan: number of variables adjusted to be a multiple of 3
└ @ OptimizationProblems.ADNLPProblems ~/.julia/packages/OptimizationProblems/ZwzTS/src/ADNLPProblems/dixmaan_ijkl.jl:12
[ Info:        trunk_cg         dixmaanl     999       0      first_order      42   5.9e+01   1.0e+00   7.5e-10   0.0e+00
┌ Warning: dixmaan: number of variables adjusted to be a multiple of 3
└ @ OptimizationProblems.ADNLPProblems ~/.julia/packages/OptimizationProblems/ZwzTS/src/ADNLPProblems/dixmaan_mnop.jl:12
[ Info:        trunk_cg         dixmaanm     999       0      first_order      10   7.2e+01   1.0e+00   9.0e-12   0.0e+00
┌ Warning: dixmaan: number of variables adjusted to be a multiple of 3
└ @ OptimizationProblems.ADNLPProblems ~/.julia/packages/OptimizationProblems/ZwzTS/src/ADNLPProblems/dixmaan_mnop.jl:12
[ Info:        trunk_cg         dixmaann     999       0      first_order      22   8.2e+01   1.0e+00   1.5e-11   0.0e+00
┌ Warning: dixmaan: number of variables adjusted to be a multiple of 3
└ @ OptimizationProblems.ADNLPProblems ~/.julia/packages/OptimizationProblems/ZwzTS/src/ADNLPProblems/dixmaan_mnop.jl:12
[ Info:        trunk_cg         dixmaano     999       0      first_order      38   1.4e+02   1.0e+00   2.6e-11   0.0e+00
┌ Warning: dixmaan: number of variables adjusted to be a multiple of 3
└ @ OptimizationProblems.ADNLPProblems ~/.julia/packages/OptimizationProblems/ZwzTS/src/ADNLPProblems/dixmaan_mnop.jl:12
[ Info:        trunk_cg         dixmaanp     999       0      first_order      37   1.3e+02   1.0e+00   3.0e-11   0.0e+00
[ Info:        trunk_cg         dixon3dq    1000       0      first_order      13   5.2e+00   0.0e+00   0.0e+00   0.0e+00
[ Info:        trunk_cg          dqdrtic    1000       0      first_order       6   2.7e-01   1.2e-19   1.4e-09   0.0e+00
[ Info:        trunk_cg           dqrtic    1000       0      first_order      31   4.1e-01   7.3e-03   2.0e-02   0.0e+00
[ Info:        trunk_cg          edensch    1000       0      first_order       9   4.3e-01   6.0e+03   6.4e-10   0.0e+00
[ Info:        trunk_cg              eg2    1000       0         not_desc     302   2.4e-01  -1.0e+03   6.0e-09   0.0e+00
[ Info:        trunk_cg          engval1    1000       0         not_desc     317   3.2e-01   1.1e+03   4.0e-08   0.0e+00
[ Info:        trunk_cg     errinros_mod    1000       0      first_order      79   4.8e+00   4.0e+02   9.5e-10   0.0e+00
[ Info:        trunk_cg         extrosnb    1000       0         max_time    8820   2.4e+02   6.8e-10   1.4e-07   0.0e+00
[ Info:        trunk_cg         fletcbv2    1000       0         not_desc     294   1.0e+01  -5.0e-01   1.2e-12   0.0e+00
[ Info:        trunk_cg     fletcbv3_mod    1000       0         not_desc     393   2.7e+00  -2.0e+03   9.1e-10   0.0e+00
[ Info:        trunk_cg         fletchcr    1000       0      first_order     652   1.5e+01   2.9e-23   2.1e-11   0.0e+00
[ Info:        trunk_cg         freuroth    1000       0         not_desc     327   7.1e-01   6.1e+04   1.7e-07   0.0e+00
[ Info:        trunk_cg      genbroydenb    1000       0      first_order      16   3.9e+00   2.5e-16   7.0e-09   0.0e+00
[ Info:        trunk_cg    genbroydentri    1000       0      first_order      16   1.0e+00   7.3e-18   7.0e-10   0.0e+00
[ Info:        trunk_cg         genhumps    1000       0      first_order    7016   2.0e+02   1.1e-26   6.7e-14   0.0e+00
[ Info:        trunk_cg          genrose    1000       0      first_order     458   1.6e+01   1.0e+00   9.4e-12   0.0e+00
[ Info:        trunk_cg     genrose_nash    1000       0      first_order     548   1.3e+01   1.0e+00   8.3e-13   0.0e+00
[ Info:        trunk_cg        indef_mod    1000       0         not_desc     471   3.7e+00  -9.9e+04   3.5e-07   0.0e+00
[ Info:        trunk_cg         integreq    1000       0      first_order       5   6.8e+01   1.7e-25   5.9e-13   0.0e+00
[ Info:        trunk_cg          liarwhd    1000       0      first_order      14   3.1e-01   3.8e-20   2.5e-08   0.0e+00
[ Info:        trunk_cg           morebv    1000       0         max_time      22   2.4e+02   2.0e-07   5.3e-06   0.0e+00
[ Info:        trunk_cg         nazareth    1000       0         not_desc     313   1.4e+00   7.6e+05   3.0e-07   0.0e+00
[ Info:        trunk_cg            ncb20    1000       0         not_desc     358   2.3e+01   9.2e+02   1.6e-09   0.0e+00
[ Info:        trunk_cg           ncb20b    1000       0      first_order      22   7.1e+01   1.7e+03   8.2e-12   0.0e+00
[ Info:        trunk_cg         noncvxu2    1000       0      first_order     524   2.5e+01   2.3e+03   1.0e-12   0.0e+00
[ Info:        trunk_cg         noncvxun    1000       0      first_order     282   7.9e+01   2.3e+03   2.4e-08   0.0e+00
[ Info:        trunk_cg           nondia    1000       0      first_order       6   2.4e-01   3.0e-18   2.2e-10   0.0e+00
[ Info:        trunk_cg         nondquar    1000       0      first_order    1435   1.3e+02   3.8e-10   2.6e-09   0.0e+00
[ Info:        trunk_cg         penalty1    1000       0      first_order      31   4.8e-01   1.9e+00   5.8e+00   0.0e+00
[ Info:        trunk_cg         penalty2    1000       0         not_desc     344   0.0e+00   1.4e+83   4.9e+38   0.0e+00
[ Info:        trunk_cg         penalty3    1000       0      first_order      73   8.6e+00   3.5e+06   4.4e-06   0.0e+00
[ Info:        trunk_cg         powellsg    1000       0      first_order      24   4.9e-01   1.4e-12   2.6e-09   0.0e+00
[ Info:        trunk_cg            power    1000       0      first_order      23   9.3e-01   2.7e-05   1.8e-02   0.0e+00
[ Info:        trunk_cg           quartc    1000       0      first_order      31   4.0e-01   7.3e-03   2.0e-02   0.0e+00
[ Info:        trunk_cg          sbrybnd    1000       0         max_time     382   2.4e+02   1.4e+03   7.9e+03   0.0e+00
[ Info:        trunk_cg         schmvett    1000       0      first_order      11   6.4e-01  -3.0e+03   4.9e-11   0.0e+00
[ Info:        trunk_cg          scosine    1000       0         max_time     328   2.4e+02  -4.9e+01   7.2e+03   0.0e+00
[ Info:        trunk_cg          sinquad    1000       0         not_desc     746   8.5e+00   4.1e-15   1.5e-08   0.0e+00
[ Info:        trunk_cg         sparsine    1000       0         max_time     107   2.4e+02   8.6e-11   2.5e-05   0.0e+00
[ Info:        trunk_cg         sparsqur    1000       0      first_order      23   8.7e-01   1.0e-11   2.9e-08   0.0e+00
[ Info:        trunk_cg         spmsrtls    1000       0         not_desc     308   4.0e+00   9.5e-22   3.9e-11   0.0e+00
[ Info:        trunk_cg         srosenbr    1000       0      first_order      31   3.2e-01   1.0e-25   1.4e-11   0.0e+00
[ Info:        trunk_cg         tointgss    1000       0      first_order       9   4.1e-01   1.0e+01   2.8e-11   0.0e+00
[ Info:        trunk_cg         tquartic    1000       0         not_desc     299   2.6e-01   1.0e-19   2.9e-08   0.0e+00
[ Info:        trunk_cg           tridia    1000       0      first_order       9   2.1e+00   5.4e-20   8.0e-09   0.0e+00
[ Info:        trunk_cg           vardim    1000       0      first_order      23   4.6e-01   7.8e+05   1.9e+09   0.0e+00
[ Info:        trunk_cg            woods    1000       0      first_order      55   7.0e-01   2.9e-22   7.7e-10   0.0e+00
--> Problem found:    88
