  Activating project at `~/mth8408_projet/env`
[ Info: running solver trunk_diom_100
[ Info:          Solver             Name    nvar    ncon           status    iter      Time      f(x)      Dual    Primal  
[ Info:  trunk_diom_100             NZF1      91       0      first_order       9   6.4e-01   2.1e+04   6.1e-12   0.0e+00
[ Info:  trunk_diom_100          arglina     100       0      first_order       5   2.9e-01   5.0e+01   3.8e-15   0.0e+00
[ Info:  trunk_diom_100          arglinb     100       0      first_order       1   2.4e-01   2.5e+01   1.6e-03   0.0e+00
[ Info:  trunk_diom_100          arglinc     100       0      first_order       1   2.4e-01   5.1e+01   2.9e-03   0.0e+00
[ Info:  trunk_diom_100          argtrig     100       0         not_desc     330   2.4e-01  -9.9e+03   1.5e-08   0.0e+00
[ Info:  trunk_diom_100          arwhead     100       0      first_order       6   2.4e-01   0.0e+00   3.1e-15   0.0e+00
[ Info:  trunk_diom_100           auglag     100       0      first_order      49   4.0e-01   1.1e+00   2.3e-11   0.0e+00
[ Info:  trunk_diom_100          bdqrtic     100       0         not_desc     311   2.6e-01   1.9e+02   3.6e-09   0.0e+00
[ Info:  trunk_diom_100         boundary     100       0      first_order       6   2.7e-01   3.8e-27   1.1e-15   0.0e+00
[ Info:  trunk_diom_100          brownal     100       0         not_desc     294   2.9e-01   5.4e-20   1.5e-09   0.0e+00
[ Info:  trunk_diom_100        browngen1     100       0      first_order      29   2.2e-01   8.2e+01   3.9e-04   0.0e+00
[ Info:  trunk_diom_100        browngen2     100       0         not_desc     281   2.5e-01   4.0e-25   1.7e-12   0.0e+00
[ Info:  trunk_diom_100        broyden3d     100       0         not_desc     292   2.6e-01   4.4e-20   1.5e-09   0.0e+00
[ Info:  trunk_diom_100        broyden7d     100       0         not_desc     301   3.7e-01   3.3e+01   1.7e-11   0.0e+00
[ Info:  trunk_diom_100         broydn7d     100       0         not_desc     318   4.6e-01   4.0e+01   2.2e-11   0.0e+00
[ Info:  trunk_diom_100           brybnd     100       0      first_order      10   3.5e-01   3.5e-29   6.5e-14   0.0e+00
[ Info:  trunk_diom_100         chainwoo     100       0      first_order      65   3.6e-01   1.1e+02   1.5e-10   0.0e+00
[ Info:  trunk_diom_100     chnrosnb_mod     100       0      first_order      98   3.7e-01   1.8e-24   5.4e-11   0.0e+00
[ Info:  trunk_diom_100         clplatea     100       0         not_desc     295   5.2e-01  -9.1e-03   1.5e-12   0.0e+00
[ Info:  trunk_diom_100         clplateb     100       0         not_desc     285   5.4e-01  -6.2e-03   6.7e-14   0.0e+00
[ Info:  trunk_diom_100         clplatec     100       0      first_order       5   5.4e-01  -5.1e-03   6.7e-15   0.0e+00
[ Info:  trunk_diom_100           cosine     100       0         not_desc     307   2.1e-01  -9.9e+01   2.8e-10   0.0e+00
[ Info:  trunk_diom_100         cragglvy     100       0         not_desc     315   3.0e-01   3.2e+01   3.0e-09   0.0e+00
[ Info:  trunk_diom_100        cragglvy2     100       0      first_order      17   3.0e-01   2.5e+01   2.0e-10   0.0e+00
[ Info:  trunk_diom_100            curly     100       0         not_desc     312   3.3e-01  -1.0e+04   1.0e-10   0.0e+00
[ Info:  trunk_diom_100          curly10     100       0         not_desc     312   3.9e-01  -1.0e+04   1.0e-10   0.0e+00
[ Info:  trunk_diom_100          curly20     100       0         not_desc     317   3.3e-01  -1.0e+04   7.4e-09   0.0e+00
[ Info:  trunk_diom_100          curly30     100       0         not_desc     318   6.3e-01  -1.0e+04   1.1e-08   0.0e+00
┌ Warning: dixmaan: number of variables adjusted to be a multiple of 3
└ @ OptimizationProblems.ADNLPProblems ~/.julia/packages/OptimizationProblems/ZwzTS/src/ADNLPProblems/dixmaan_efgh.jl:12
[ Info:  trunk_diom_100         dixmaane      99       0         not_desc     310   4.4e-01   1.0e+00   7.0e-12   0.0e+00
┌ Warning: dixmaan: number of variables adjusted to be a multiple of 3
└ @ OptimizationProblems.ADNLPProblems ~/.julia/packages/OptimizationProblems/ZwzTS/src/ADNLPProblems/dixmaan_efgh.jl:12
[ Info:  trunk_diom_100         dixmaanf      99       0         not_desc     312   3.9e-01   1.0e+00   4.2e-10   0.0e+00
┌ Warning: dixmaan: number of variables adjusted to be a multiple of 3
└ @ OptimizationProblems.ADNLPProblems ~/.julia/packages/OptimizationProblems/ZwzTS/src/ADNLPProblems/dixmaan_efgh.jl:12
[ Info:  trunk_diom_100         dixmaang      99       0         not_desc     316   1.3e-02   1.0e+00   1.1e-10   0.0e+00
┌ Warning: dixmaan: number of variables adjusted to be a multiple of 3
└ @ OptimizationProblems.ADNLPProblems ~/.julia/packages/OptimizationProblems/ZwzTS/src/ADNLPProblems/dixmaan_efgh.jl:12
[ Info:  trunk_diom_100         dixmaanh      99       0         not_desc     314   1.2e-02   1.0e+00   7.7e-11   0.0e+00
┌ Warning: dixmaan: number of variables adjusted to be a multiple of 3
└ @ OptimizationProblems.ADNLPProblems ~/.julia/packages/OptimizationProblems/ZwzTS/src/ADNLPProblems/dixmaan_ijkl.jl:12
[ Info:  trunk_diom_100         dixmaani      99       0      first_order      13   5.1e-01   1.0e+00   1.5e-20   0.0e+00
┌ Warning: dixmaan: number of variables adjusted to be a multiple of 3
└ @ OptimizationProblems.ADNLPProblems ~/.julia/packages/OptimizationProblems/ZwzTS/src/ADNLPProblems/dixmaan_ijkl.jl:12
[ Info:  trunk_diom_100         dixmaanj      99       0         not_desc     319   4.3e-01   1.0e+00   6.1e-11   0.0e+00
┌ Warning: dixmaan: number of variables adjusted to be a multiple of 3
└ @ OptimizationProblems.ADNLPProblems ~/.julia/packages/OptimizationProblems/ZwzTS/src/ADNLPProblems/dixmaan_ijkl.jl:12
[ Info:  trunk_diom_100         dixmaank      99       0      first_order      17   4.5e-02   1.0e+00   3.6e-13   0.0e+00
┌ Warning: dixmaan: number of variables adjusted to be a multiple of 3
└ @ OptimizationProblems.ADNLPProblems ~/.julia/packages/OptimizationProblems/ZwzTS/src/ADNLPProblems/dixmaan_ijkl.jl:12
[ Info:  trunk_diom_100         dixmaanl      99       0      first_order      20   5.1e-02   1.0e+00   4.4e-19   0.0e+00
┌ Warning: dixmaan: number of variables adjusted to be a multiple of 3
└ @ OptimizationProblems.ADNLPProblems ~/.julia/packages/OptimizationProblems/ZwzTS/src/ADNLPProblems/dixmaan_mnop.jl:12
[ Info:  trunk_diom_100         dixmaanm      99       0      first_order       9   4.7e-01   1.0e+00   1.2e-20   0.0e+00
┌ Warning: dixmaan: number of variables adjusted to be a multiple of 3
└ @ OptimizationProblems.ADNLPProblems ~/.julia/packages/OptimizationProblems/ZwzTS/src/ADNLPProblems/dixmaan_mnop.jl:12
[ Info:  trunk_diom_100         dixmaann      99       0      first_order      22   5.1e-01   1.0e+00   1.0e-14   0.0e+00
┌ Warning: dixmaan: number of variables adjusted to be a multiple of 3
└ @ OptimizationProblems.ADNLPProblems ~/.julia/packages/OptimizationProblems/ZwzTS/src/ADNLPProblems/dixmaan_mnop.jl:12
[ Info:  trunk_diom_100         dixmaano      99       0         not_desc     317   5.9e-02   1.0e+00   1.6e-11   0.0e+00
┌ Warning: dixmaan: number of variables adjusted to be a multiple of 3
└ @ OptimizationProblems.ADNLPProblems ~/.julia/packages/OptimizationProblems/ZwzTS/src/ADNLPProblems/dixmaan_mnop.jl:12
[ Info:  trunk_diom_100         dixmaanp      99       0      first_order      19   7.1e-02   1.0e+00   2.3e-18   0.0e+00
[ Info:  trunk_diom_100         dixon3dq     100       0      first_order       9   2.3e-01   0.0e+00   0.0e+00   0.0e+00
[ Info:  trunk_diom_100          dqdrtic     100       0      first_order       6   2.2e-01   1.1e-44   9.2e-22   0.0e+00
[ Info:  trunk_diom_100           dqrtic     100       0      first_order      27   2.1e-01   4.5e-10   1.4e-07   0.0e+00
[ Info:  trunk_diom_100          edensch     100       0         not_desc     300   2.9e-01   6.0e+02   9.7e-12   0.0e+00
[ Info:  trunk_diom_100              eg2     100       0         not_desc     299   2.2e-01  -9.9e+01   1.4e-09   0.0e+00
[ Info:  trunk_diom_100          engval1     100       0         not_desc     303   2.2e-01   1.1e+02   3.3e-10   0.0e+00
[ Info:  trunk_diom_100     errinros_mod     100       0      first_order      79   3.7e-01   3.9e+01   3.1e-11   0.0e+00
[ Info:  trunk_diom_100         extrosnb     100       0         not_desc  514256   2.2e+02   1.5e-14   3.7e-09   0.0e+00
[ Info:  trunk_diom_100         fletcbv2     100       0         not_desc     300   3.2e-01  -5.1e-01   1.1e-12   0.0e+00
[ Info:  trunk_diom_100     fletcbv3_mod     100       0         not_desc     354   3.3e-01  -2.0e+00   5.7e-13   0.0e+00
[ Info:  trunk_diom_100         fletchcr     100       0         not_desc     362   2.3e-01   3.9e-21   1.6e-09   0.0e+00
[ Info:  trunk_diom_100         freuroth     100       0         not_desc     308   3.1e-01   5.9e+03   5.3e-11   0.0e+00
[ Info:  trunk_diom_100      genbroydenb     100       0         not_desc     306   3.4e-01   1.7e-19   1.1e-10   0.0e+00
[ Info:  trunk_diom_100    genbroydentri     100       0         not_desc     303   3.1e-01   3.1e-20   3.7e-11   0.0e+00
[ Info:  trunk_diom_100         genhumps     100       0      first_order    2691   1.3e+00   6.1e-36   1.3e-18   0.0e+00
[ Info:  trunk_diom_100          genrose     100       0         not_desc     353   2.9e-01   1.0e+00   4.6e-11   0.0e+00
[ Info:  trunk_diom_100     genrose_nash     100       0         not_desc     356   2.9e-01   1.0e+00   1.0e-11   0.0e+00
[ Info:  trunk_diom_100        indef_mod     100       0         not_desc     453   3.2e-01  -1.0e+04   6.5e-08   0.0e+00
[ Info:  trunk_diom_100         integreq     100       0         not_desc     291   4.5e-01   1.2e-19   5.0e-10   0.0e+00
[ Info:  trunk_diom_100          liarwhd     100       0      first_order      11   2.2e-01   1.3e-27   8.7e-13   0.0e+00
[ Info:  trunk_diom_100           morebv     100       0      first_order       9   3.4e-01   9.1e-25   2.1e-15   0.0e+00
[ Info:  trunk_diom_100         nazareth     100       0         not_desc     308   3.1e-01   1.0e+03   2.1e-10   0.0e+00
[ Info:  trunk_diom_100            ncb20     100       0         not_desc     337   5.7e-01   1.6e+02   1.9e-09   0.0e+00
[ Info:  trunk_diom_100           ncb20b     100       0         not_desc     311   6.4e-01   2.0e+02   1.4e-12   0.0e+00
[ Info:  trunk_diom_100         noncvxu2     100       0         not_desc     336   2.8e-01   2.3e+02   1.1e-10   0.0e+00
[ Info:  trunk_diom_100         noncvxun     100       0         not_desc     341   3.0e-01   2.3e+02   1.7e-09   0.0e+00
[ Info:  trunk_diom_100           nondia     100       0         not_desc     287   2.2e-01   6.9e-24   5.3e-10   0.0e+00
[ Info:  trunk_diom_100         nondquar     100       0      first_order      77   3.3e-01   1.2e-16   1.3e-12   0.0e+00
[ Info:  trunk_diom_100         penalty1     100       0      first_order      35   2.9e-01   4.5e-04   5.0e-07   0.0e+00
[ Info:  trunk_diom_100         penalty2     100       0         not_desc     326   4.6e-01   9.7e+04   1.1e-07   0.0e+00
[ Info:  trunk_diom_100         penalty3     100       0         neg_pred      65   6.2e-01   4.4e+07   4.1e+07   0.0e+00
[ Info:  trunk_diom_100         powellsg     100       0      first_order      27   2.6e-01   1.1e-15   2.1e-11   0.0e+00
[ Info:  trunk_diom_100            power     100       0      first_order      27   2.2e-01   3.0e-12   4.0e-08   0.0e+00
[ Info:  trunk_diom_100           quartc     100       0      first_order      27   2.1e-01   4.5e-10   1.4e-07   0.0e+00
[ Info:  trunk_diom_100          sbrybnd     100       0         not_desc     374   8.8e-01   1.3e+00   1.1e-09   0.0e+00
[ Info:  trunk_diom_100         schmvett     100       0         not_desc     311   2.6e-01  -2.9e+02   5.5e-10   0.0e+00
[ Info:  trunk_diom_100          scosine     100       0         not_desc     438   4.3e-01  -9.9e+01   1.4e-07   0.0e+00
[ Info:  trunk_diom_100          sinquad     100       0         not_desc     579   3.3e-01   1.8e-18   1.2e-09   0.0e+00
[ Info:  trunk_diom_100         sparsine     100       0      first_order      39   3.8e-01   2.2e-26   5.0e-12   0.0e+00
[ Info:  trunk_diom_100         sparsqur     100       0      first_order      27   2.8e-01   1.6e-16   7.3e-12   0.0e+00
[ Info:  trunk_diom_100         spmsrtls     100       0         not_desc     288   7.1e-01   5.4e-25   1.2e-12   0.0e+00
[ Info:  trunk_diom_100         srosenbr     100       0      first_order      28   2.2e-01   6.2e-31   1.6e-15   0.0e+00
[ Info:  trunk_diom_100         tointgss     100       0         not_desc     316   2.5e-01   9.7e+00   9.8e-10   0.0e+00
[ Info:  trunk_diom_100         tquartic     100       0         not_desc     295   2.2e-01   1.6e-21   1.2e-10   0.0e+00
[ Info:  trunk_diom_100           tridia     100       0         not_desc     289   2.2e-01   1.3e-21   5.9e-10   0.0e+00
[ Info:  trunk_diom_100           vardim     100       0      first_order      24   3.1e-01   2.5e-09   5.8e-02   0.0e+00
[ Info:  trunk_diom_100            woods     100       0      first_order      54   2.9e-01   0.0e+00   0.0e+00   0.0e+00
--> Problem found:    88
