  Activating project at `~/mth8408_projet/env`
[ Info: running solver trunk_diom_1000
[ Info:          Solver             Name    nvar    ncon           status    iter      Time      f(x)      Dual    Primal  
[ Info: trunk_diom_1000             NZF1     988       0      first_order       9   9.8e-01   3.4e+05   1.1e-05   0.0e+00
[ Info: trunk_diom_1000          arglina    1000       0      first_order       5   3.9e-01   5.0e+02   9.6e-14   0.0e+00
[ Info: trunk_diom_1000          arglinb    1000       0      first_order       1   2.7e-01   2.5e+02   5.2e+03   0.0e+00
[ Info: trunk_diom_1000          arglinc    1000       0      first_order       1   3.2e-01   5.0e+02   2.3e+04   0.0e+00
[ Info: trunk_diom_1000          argtrig    1000       0         not_desc     353   2.8e+00  -1.0e+06   3.7e-07   0.0e+00
[ Info: trunk_diom_1000          arwhead    1000       0      first_order       5   2.7e-01   1.7e-10   6.4e-05   0.0e+00
[ Info: trunk_diom_1000           auglag    1000       0      first_order      24   1.1e+00   1.1e+01   1.9e-07   0.0e+00
[ Info: trunk_diom_1000          bdqrtic    1000       0      first_order      11   7.0e-01   2.0e+03   8.2e-04   0.0e+00
[ Info: trunk_diom_1000         boundary    1000       0      first_order       2   1.3e+01   1.6e-08   7.1e-09   0.0e+00
[ Info: trunk_diom_1000          brownal    1000       0      first_order       1   5.8e-01   1.9e-13   2.0e-05   0.0e+00
[ Info: trunk_diom_1000        browngen1    1000       0      first_order      25   5.4e-01   1.1e+03   1.8e+03   0.0e+00
[ Info: trunk_diom_1000        browngen2    1000       0      first_order       7   5.0e-01   5.3e-16   4.6e-08   0.0e+00
[ Info: trunk_diom_1000        broyden3d    1000       0      first_order       7   4.6e-01   5.2e-17   5.0e-08   0.0e+00
[ Info: trunk_diom_1000        broyden7d    1000       0      first_order       8   8.6e-01   3.4e+02   9.4e-07   0.0e+00
[ Info: trunk_diom_1000         broydn7d    1000       0      first_order      84   2.2e+01   2.6e+02   4.3e-08   0.0e+00
[ Info: trunk_diom_1000           brybnd    1000       0      first_order       8   6.6e-01   5.4e-12   2.4e-05   0.0e+00
[ Info: trunk_diom_1000         chainwoo    1000       0      first_order     163   2.8e+01   9.5e+01   3.1e-05   0.0e+00
[ Info: trunk_diom_1000     chnrosnb_mod    1000       0      first_order     764   1.4e+02   7.8e-12   1.1e-04   0.0e+00
┌ Warning: clplatea: number of variables adjusted from 1000 to 961
└ @ OptimizationProblems.ADNLPProblems ~/.julia/packages/OptimizationProblems/ZwzTS/src/ADNLPProblems/clplatea.jl:10
[ Info: trunk_diom_1000         clplatea     961       0      first_order       8   2.1e+00  -1.1e-02   8.4e-09   0.0e+00
┌ Warning: clplateb: number of variables adjusted from 1000 to 961
└ @ OptimizationProblems.ADNLPProblems ~/.julia/packages/OptimizationProblems/ZwzTS/src/ADNLPProblems/clplateb.jl:10
[ Info: trunk_diom_1000         clplateb     961       0      first_order       5   1.8e+00  -5.3e-03   9.8e-09   0.0e+00
┌ Warning: clplatec: number of variables adjusted from 1000 to 961
└ @ OptimizationProblems.ADNLPProblems ~/.julia/packages/OptimizationProblems/ZwzTS/src/ADNLPProblems/clplatec.jl:12
[ Info: trunk_diom_1000         clplatec     961       0      first_order       6   8.3e+00  -5.0e-03   9.9e-09   0.0e+00
[ Info: trunk_diom_1000           cosine    1000       0      first_order      10   3.0e-01  -1.0e+03   7.2e-08   0.0e+00
[ Info: trunk_diom_1000         cragglvy    1000       0      first_order      14   8.0e-01   3.4e+02   7.9e-05   0.0e+00
[ Info: trunk_diom_1000        cragglvy2    1000       0      first_order      16   9.3e-01   2.7e+02   6.1e-04   0.0e+00
[ Info: trunk_diom_1000            curly    1000       0      first_order      15   1.8e+01  -1.0e+05   1.0e-08   0.0e+00
[ Info: trunk_diom_1000          curly10    1000       0      first_order      15   1.8e+01  -1.0e+05   1.0e-08   0.0e+00
[ Info: trunk_diom_1000          curly20    1000       0      first_order      13   1.7e+01  -1.0e+05   5.8e-07   0.0e+00
[ Info: trunk_diom_1000          curly30    1000       0      first_order      26   2.1e+01  -1.0e+05   1.1e-08   0.0e+00
┌ Warning: dixmaan: number of variables adjusted to be a multiple of 3
└ @ OptimizationProblems.ADNLPProblems ~/.julia/packages/OptimizationProblems/ZwzTS/src/ADNLPProblems/dixmaan_efgh.jl:12
[ Info: trunk_diom_1000         dixmaane     999       0      first_order      22   2.9e+00   1.0e+00   1.8e-06   0.0e+00
┌ Warning: dixmaan: number of variables adjusted to be a multiple of 3
└ @ OptimizationProblems.ADNLPProblems ~/.julia/packages/OptimizationProblems/ZwzTS/src/ADNLPProblems/dixmaan_efgh.jl:12
[ Info: trunk_diom_1000         dixmaanf     999       0      first_order      16   2.9e+00   1.0e+00   2.4e-07   0.0e+00
┌ Warning: dixmaan: number of variables adjusted to be a multiple of 3
└ @ OptimizationProblems.ADNLPProblems ~/.julia/packages/OptimizationProblems/ZwzTS/src/ADNLPProblems/dixmaan_efgh.jl:12
[ Info: trunk_diom_1000         dixmaang     999       0      first_order      15   2.1e+00   1.0e+00   2.9e-06   0.0e+00
┌ Warning: dixmaan: number of variables adjusted to be a multiple of 3
└ @ OptimizationProblems.ADNLPProblems ~/.julia/packages/OptimizationProblems/ZwzTS/src/ADNLPProblems/dixmaan_efgh.jl:12
[ Info: trunk_diom_1000         dixmaanh     999       0      first_order      16   2.2e+00   1.0e+00   2.3e-06   0.0e+00
┌ Warning: dixmaan: number of variables adjusted to be a multiple of 3
└ @ OptimizationProblems.ADNLPProblems ~/.julia/packages/OptimizationProblems/ZwzTS/src/ADNLPProblems/dixmaan_ijkl.jl:12
[ Info: trunk_diom_1000         dixmaani     999       0      first_order      26   2.8e+01   1.0e+00   5.2e-07   0.0e+00
┌ Warning: dixmaan: number of variables adjusted to be a multiple of 3
└ @ OptimizationProblems.ADNLPProblems ~/.julia/packages/OptimizationProblems/ZwzTS/src/ADNLPProblems/dixmaan_ijkl.jl:12
[ Info: trunk_diom_1000         dixmaanj     999       0      first_order      37   3.7e+01   1.0e+00   3.6e-08   0.0e+00
┌ Warning: dixmaan: number of variables adjusted to be a multiple of 3
└ @ OptimizationProblems.ADNLPProblems ~/.julia/packages/OptimizationProblems/ZwzTS/src/ADNLPProblems/dixmaan_ijkl.jl:12
[ Info: trunk_diom_1000         dixmaank     999       0      first_order      41   4.1e+01   1.0e+00   1.4e-06   0.0e+00
┌ Warning: dixmaan: number of variables adjusted to be a multiple of 3
└ @ OptimizationProblems.ADNLPProblems ~/.julia/packages/OptimizationProblems/ZwzTS/src/ADNLPProblems/dixmaan_ijkl.jl:12
[ Info: trunk_diom_1000         dixmaanl     999       0      first_order      34   1.9e+01   1.0e+00   2.5e-05   0.0e+00
┌ Warning: dixmaan: number of variables adjusted to be a multiple of 3
└ @ OptimizationProblems.ADNLPProblems ~/.julia/packages/OptimizationProblems/ZwzTS/src/ADNLPProblems/dixmaan_mnop.jl:12
[ Info: trunk_diom_1000         dixmaanm     999       0      first_order       9   3.8e+01   1.0e+00   5.5e-08   0.0e+00
┌ Warning: dixmaan: number of variables adjusted to be a multiple of 3
└ @ OptimizationProblems.ADNLPProblems ~/.julia/packages/OptimizationProblems/ZwzTS/src/ADNLPProblems/dixmaan_mnop.jl:12
[ Info: trunk_diom_1000         dixmaann     999       0      first_order      21   5.4e+01   1.0e+00   6.8e-08   0.0e+00
┌ Warning: dixmaan: number of variables adjusted to be a multiple of 3
└ @ OptimizationProblems.ADNLPProblems ~/.julia/packages/OptimizationProblems/ZwzTS/src/ADNLPProblems/dixmaan_mnop.jl:12
[ Info: trunk_diom_1000         dixmaano     999       0      first_order      49   1.2e+02   1.0e+00   1.8e-07   0.0e+00
┌ Warning: dixmaan: number of variables adjusted to be a multiple of 3
└ @ OptimizationProblems.ADNLPProblems ~/.julia/packages/OptimizationProblems/ZwzTS/src/ADNLPProblems/dixmaan_mnop.jl:12
[ Info: trunk_diom_1000         dixmaanp     999       0      first_order      25   3.7e+01   1.0e+00   1.1e-05   0.0e+00
[ Info: trunk_diom_1000         dixon3dq    1000       0      first_order      12   4.4e+00   5.0e-16   1.1e-08   0.0e+00
[ Info: trunk_diom_1000          dqdrtic    1000       0      first_order       5   2.6e-01   1.9e-14   3.9e-06   0.0e+00
[ Info: trunk_diom_1000           dqrtic    1000       0      first_order      23   3.5e-01   3.1e+03   3.3e+02   0.0e+00
[ Info: trunk_diom_1000          edensch    1000       0      first_order       8   3.9e-01   6.0e+03   1.1e-06   0.0e+00
[ Info: trunk_diom_1000              eg2    1000       0      first_order       3   2.3e-01  -1.0e+03   6.0e-09   0.0e+00
[ Info: trunk_diom_1000          engval1    1000       0      first_order       9   3.0e-01   1.1e+03   2.2e-05   0.0e+00
[ Info: trunk_diom_1000     errinros_mod    1000       0      first_order      75   4.1e+00   4.0e+02   1.0e-03   0.0e+00
[ Info: trunk_diom_1000         extrosnb    1000       0      first_order     220   4.4e+00   3.3e-06   3.6e-04   0.0e+00
[ Info: trunk_diom_1000         fletcbv2    1000       0      first_order       5   7.8e+00  -5.0e-01   9.7e-09   0.0e+00
[ Info: trunk_diom_1000     fletcbv3_mod    1000       0      first_order      90   2.8e+00  -2.0e+03   1.0e-10   0.0e+00
[ Info: trunk_diom_1000         fletchcr    1000       0      first_order     652   1.4e+01   7.1e-18   9.4e-09   0.0e+00
[ Info: trunk_diom_1000         freuroth    1000       0      first_order      16   6.9e-01   6.1e+04   5.2e-05   0.0e+00
[ Info: trunk_diom_1000      genbroydenb    1000       0      first_order      11   1.5e+00   2.6e-09   7.2e-05   0.0e+00
[ Info: trunk_diom_1000    genbroydentri    1000       0      first_order      11   7.1e-01   7.7e-11   7.2e-06   0.0e+00
[ Info: trunk_diom_1000         genhumps    1000       0         max_time   10194   2.4e+02   5.7e+01   1.5e+01   0.0e+00
[ Info: trunk_diom_1000          genrose    1000       0      first_order     462   1.5e+01   1.0e+00   8.7e-09   0.0e+00
[ Info: trunk_diom_1000     genrose_nash    1000       0      first_order     540   1.2e+01   1.0e+00   8.6e-09   0.0e+00
[ Info: trunk_diom_1000        indef_mod    1000       0      first_order     228   5.1e+00  -9.9e+04   6.2e-09   0.0e+00
[ Info: trunk_diom_1000         integreq    1000       0      first_order       5   5.8e+01   4.9e-18   3.5e-09   0.0e+00
[ Info: trunk_diom_1000          liarwhd    1000       0      first_order      13   3.1e-01   3.2e-09   1.1e-04   0.0e+00
[ Info: trunk_diom_1000           morebv    1000       0      first_order       7   2.8e+01   3.0e-08   9.5e-09   0.0e+00
[ Info: trunk_diom_1000         nazareth    1000       0      first_order       7   1.2e+00   7.6e+05   5.0e-05   0.0e+00
[ Info: trunk_diom_1000            ncb20    1000       0      first_order      57   1.9e+01   9.2e+02   1.2e-08   0.0e+00
[ Info: trunk_diom_1000           ncb20b    1000       0      first_order      23   4.6e+01   1.7e+03   4.7e-07   0.0e+00
[ Info: trunk_diom_1000         noncvxu2    1000       0      first_order     463   1.7e+01   2.3e+03   2.3e-05   0.0e+00
[ Info: trunk_diom_1000         noncvxun    1000       0      first_order     335   4.3e+01   2.3e+03   2.2e-05   0.0e+00
[ Info: trunk_diom_1000           nondia    1000       0      first_order       2   2.2e-01   6.3e-05   1.0e-03   0.0e+00
[ Info: trunk_diom_1000         nondquar    1000       0      first_order      54   1.9e+00   1.9e-06   2.0e-05   0.0e+00
[ Info: trunk_diom_1000         penalty1    1000       0      first_order      23   4.9e-01   9.3e+05   1.0e+05   0.0e+00
[ Info: trunk_diom_1000         penalty2    1000       0         not_desc     344   0.0e+00   1.4e+83   4.9e+38   0.0e+00
[ Info: trunk_diom_1000         penalty3    1000       0      first_order      72   8.5e+00   3.5e+06   3.1e-01   0.0e+00
[ Info: trunk_diom_1000         powellsg    1000       0      first_order      16   4.0e-01   6.1e-07   4.4e-05   0.0e+00
[ Info: trunk_diom_1000            power    1000       0      first_order      16   4.7e-01   2.1e+00   8.4e+01   0.0e+00
[ Info: trunk_diom_1000           quartc    1000       0      first_order      23   4.0e-01   3.1e+03   3.3e+02   0.0e+00
[ Info: trunk_diom_1000          sbrybnd    1000       0         max_time     389   2.4e+02   1.4e+03   6.2e+03   0.0e+00
[ Info: trunk_diom_1000         schmvett    1000       0      first_order      10   5.9e-01  -3.0e+03   1.4e-07   0.0e+00
[ Info: trunk_diom_1000          scosine    1000       0         max_time     524   2.4e+02  -3.2e+02   5.6e+03   0.0e+00
[ Info: trunk_diom_1000          sinquad    1000       0      first_order      79   1.2e+00   4.8e-09   3.9e-08   0.0e+00
[ Info: trunk_diom_1000         sparsine    1000       0      first_order     100   2.0e+02   3.4e-11   2.9e-04   0.0e+00
[ Info: trunk_diom_1000         sparsqur    1000       0      first_order      16   6.5e-01   8.9e-07   1.5e-04   0.0e+00
[ Info: trunk_diom_1000         spmsrtls    1000       0      first_order      25   3.8e+00   2.0e-15   8.5e-08   0.0e+00
[ Info: trunk_diom_1000         srosenbr    1000       0      first_order      30   3.5e-01   6.9e-13   7.4e-07   0.0e+00
[ Info: trunk_diom_1000         tointgss    1000       0      first_order       8   3.9e-01   1.0e+01   2.6e-07   0.0e+00
[ Info: trunk_diom_1000         tquartic    1000       0         not_desc     299   2.8e-01   1.0e-19   2.9e-08   0.0e+00
[ Info: trunk_diom_1000           tridia    1000       0      first_order       7   1.4e+00   1.0e-10   2.5e-04   0.0e+00
[ Info: trunk_diom_1000           vardim    1000       0      first_order      16   4.4e-01   6.7e+10   9.6e+12   0.0e+00
[ Info: trunk_diom_1000            woods    1000       0      first_order      42   7.5e-01   4.6e-11   2.9e-04   0.0e+00
--> Problem found:    88
