  Activating project at `~/mth8408_projet/env`
[ Info: running solver trunk_diom_100
[ Info:          Solver             Name    nvar    ncon           status    iter      Time      f(x)      Dual    Primal  
[ Info:  trunk_diom_100             NZF1     988       0      first_order       9   9.4e-01   3.4e+05   1.1e-05   0.0e+00
[ Info:  trunk_diom_100          arglina    1000       0      first_order       5   3.7e-01   5.0e+02   9.6e-14   0.0e+00
[ Info:  trunk_diom_100          arglinb    1000       0      first_order       1   2.6e-01   2.5e+02   5.2e+03   0.0e+00
[ Info:  trunk_diom_100          arglinc    1000       0      first_order       1   2.5e-01   5.0e+02   2.3e+04   0.0e+00
[ Info:  trunk_diom_100          argtrig    1000       0         not_desc     353   2.6e+00  -1.0e+06   3.7e-07   0.0e+00
[ Info:  trunk_diom_100          arwhead    1000       0      first_order       5   2.5e-01   1.7e-10   6.4e-05   0.0e+00
[ Info:  trunk_diom_100           auglag    1000       0      first_order      24   1.1e+00   1.1e+01   1.9e-07   0.0e+00
[ Info:  trunk_diom_100          bdqrtic    1000       0      first_order      11   6.8e-01   2.0e+03   8.2e-04   0.0e+00
[ Info:  trunk_diom_100         boundary    1000       0         max_time      20   2.4e+02   1.9e-08   5.0e-07   0.0e+00
[ Info:  trunk_diom_100          brownal    1000       0      first_order       1   3.0e-01   1.9e-13   2.0e-05   0.0e+00
[ Info:  trunk_diom_100        browngen1    1000       0      first_order      25   5.2e-01   1.1e+03   1.8e+03   0.0e+00
[ Info:  trunk_diom_100        browngen2    1000       0      first_order       7   4.7e-01   5.3e-16   4.6e-08   0.0e+00
[ Info:  trunk_diom_100        broyden3d    1000       0      first_order       7   4.2e-01   5.2e-17   5.0e-08   0.0e+00
[ Info:  trunk_diom_100        broyden7d    1000       0      first_order       8   8.5e-01   3.4e+02   9.4e-07   0.0e+00
[ Info:  trunk_diom_100         broydn7d    1000       0      first_order      84   2.2e+01   2.6e+02   4.5e-08   0.0e+00
[ Info:  trunk_diom_100           brybnd    1000       0      first_order       8   6.4e-01   5.4e-12   2.4e-05   0.0e+00
[ Info:  trunk_diom_100         chainwoo    1000       0      first_order     142   2.4e+01   1.7e+02   7.5e-04   0.0e+00
[ Info:  trunk_diom_100     chnrosnb_mod    1000       0      first_order     764   1.4e+02   7.8e-12   1.1e-04   0.0e+00
┌ Warning: clplatea: number of variables adjusted from 1000 to 961
└ @ OptimizationProblems.ADNLPProblems ~/.julia/packages/OptimizationProblems/ZwzTS/src/ADNLPProblems/clplatea.jl:10
[ Info:  trunk_diom_100         clplatea     961       0      first_order       8   2.1e+00  -1.1e-02   8.4e-09   0.0e+00
┌ Warning: clplateb: number of variables adjusted from 1000 to 961
└ @ OptimizationProblems.ADNLPProblems ~/.julia/packages/OptimizationProblems/ZwzTS/src/ADNLPProblems/clplateb.jl:10
[ Info:  trunk_diom_100         clplateb     961       0      first_order       5   1.8e+00  -5.3e-03   9.8e-09   0.0e+00
┌ Warning: clplatec: number of variables adjusted from 1000 to 961
└ @ OptimizationProblems.ADNLPProblems ~/.julia/packages/OptimizationProblems/ZwzTS/src/ADNLPProblems/clplatec.jl:12
[ Info:  trunk_diom_100         clplatec     961       0      first_order       6   1.1e+01  -5.0e-03   9.7e-09   0.0e+00
[ Info:  trunk_diom_100           cosine    1000       0      first_order      10   2.9e-01  -1.0e+03   7.2e-08   0.0e+00
[ Info:  trunk_diom_100         cragglvy    1000       0      first_order      14   8.1e-01   3.4e+02   7.9e-05   0.0e+00
[ Info:  trunk_diom_100        cragglvy2    1000       0      first_order      16   9.2e-01   2.7e+02   6.1e-04   0.0e+00
[ Info:  trunk_diom_100            curly    1000       0      first_order      15   5.0e+01  -1.0e+05   1.5e-08   0.0e+00
[ Info:  trunk_diom_100          curly10    1000       0      first_order      15   5.0e+01  -1.0e+05   1.5e-08   0.0e+00
[ Info:  trunk_diom_100          curly20    1000       0      first_order      13   5.1e+01  -1.0e+05   4.1e-07   0.0e+00
[ Info:  trunk_diom_100          curly30    1000       0      first_order      26   5.0e+01  -1.0e+05   1.2e-08   0.0e+00
┌ Warning: dixmaan: number of variables adjusted to be a multiple of 3
└ @ OptimizationProblems.ADNLPProblems ~/.julia/packages/OptimizationProblems/ZwzTS/src/ADNLPProblems/dixmaan_efgh.jl:12
[ Info:  trunk_diom_100         dixmaane     999       0      first_order      22   2.8e+00   1.0e+00   1.8e-06   0.0e+00
┌ Warning: dixmaan: number of variables adjusted to be a multiple of 3
└ @ OptimizationProblems.ADNLPProblems ~/.julia/packages/OptimizationProblems/ZwzTS/src/ADNLPProblems/dixmaan_efgh.jl:12
[ Info:  trunk_diom_100         dixmaanf     999       0      first_order      16   2.8e+00   1.0e+00   2.4e-07   0.0e+00
┌ Warning: dixmaan: number of variables adjusted to be a multiple of 3
└ @ OptimizationProblems.ADNLPProblems ~/.julia/packages/OptimizationProblems/ZwzTS/src/ADNLPProblems/dixmaan_efgh.jl:12
[ Info:  trunk_diom_100         dixmaang     999       0      first_order      15   2.1e+00   1.0e+00   2.9e-06   0.0e+00
┌ Warning: dixmaan: number of variables adjusted to be a multiple of 3
└ @ OptimizationProblems.ADNLPProblems ~/.julia/packages/OptimizationProblems/ZwzTS/src/ADNLPProblems/dixmaan_efgh.jl:12
[ Info:  trunk_diom_100         dixmaanh     999       0      first_order      16   2.2e+00   1.0e+00   2.3e-06   0.0e+00
┌ Warning: dixmaan: number of variables adjusted to be a multiple of 3
└ @ OptimizationProblems.ADNLPProblems ~/.julia/packages/OptimizationProblems/ZwzTS/src/ADNLPProblems/dixmaan_ijkl.jl:12
[ Info:  trunk_diom_100         dixmaani     999       0      first_order      26   3.5e+01   1.0e+00   6.3e-07   0.0e+00
┌ Warning: dixmaan: number of variables adjusted to be a multiple of 3
└ @ OptimizationProblems.ADNLPProblems ~/.julia/packages/OptimizationProblems/ZwzTS/src/ADNLPProblems/dixmaan_ijkl.jl:12
[ Info:  trunk_diom_100         dixmaanj     999       0      first_order      36   2.7e+01   1.0e+00   8.9e-06   0.0e+00
┌ Warning: dixmaan: number of variables adjusted to be a multiple of 3
└ @ OptimizationProblems.ADNLPProblems ~/.julia/packages/OptimizationProblems/ZwzTS/src/ADNLPProblems/dixmaan_ijkl.jl:12
[ Info:  trunk_diom_100         dixmaank     999       0      first_order      41   4.3e+01   1.0e+00   1.4e-06   0.0e+00
┌ Warning: dixmaan: number of variables adjusted to be a multiple of 3
└ @ OptimizationProblems.ADNLPProblems ~/.julia/packages/OptimizationProblems/ZwzTS/src/ADNLPProblems/dixmaan_ijkl.jl:12
[ Info:  trunk_diom_100         dixmaanl     999       0      first_order      34   1.9e+01   1.0e+00   2.5e-05   0.0e+00
┌ Warning: dixmaan: number of variables adjusted to be a multiple of 3
└ @ OptimizationProblems.ADNLPProblems ~/.julia/packages/OptimizationProblems/ZwzTS/src/ADNLPProblems/dixmaan_mnop.jl:12
[ Info:  trunk_diom_100         dixmaanm     999       0      first_order       9   4.7e+01   1.0e+00   5.6e-08   0.0e+00
┌ Warning: dixmaan: number of variables adjusted to be a multiple of 3
└ @ OptimizationProblems.ADNLPProblems ~/.julia/packages/OptimizationProblems/ZwzTS/src/ADNLPProblems/dixmaan_mnop.jl:12
[ Info:  trunk_diom_100         dixmaann     999       0      first_order      21   5.7e+01   1.0e+00   6.8e-08   0.0e+00
┌ Warning: dixmaan: number of variables adjusted to be a multiple of 3
└ @ OptimizationProblems.ADNLPProblems ~/.julia/packages/OptimizationProblems/ZwzTS/src/ADNLPProblems/dixmaan_mnop.jl:12
[ Info:  trunk_diom_100         dixmaano     999       0      first_order      48   1.3e+02   1.0e+00   6.2e-08   0.0e+00
┌ Warning: dixmaan: number of variables adjusted to be a multiple of 3
└ @ OptimizationProblems.ADNLPProblems ~/.julia/packages/OptimizationProblems/ZwzTS/src/ADNLPProblems/dixmaan_mnop.jl:12
[ Info:  trunk_diom_100         dixmaanp     999       0      first_order      25   4.0e+01   1.0e+00   1.1e-05   0.0e+00
[ Info:  trunk_diom_100         dixon3dq    1000       0      first_order      12   4.1e+00   5.0e-16   1.1e-08   0.0e+00
[ Info:  trunk_diom_100          dqdrtic    1000       0      first_order       5   2.7e-01   1.9e-14   3.9e-06   0.0e+00
[ Info:  trunk_diom_100           dqrtic    1000       0      first_order      23   3.4e-01   3.1e+03   3.3e+02   0.0e+00
[ Info:  trunk_diom_100          edensch    1000       0      first_order       8   3.9e-01   6.0e+03   1.1e-06   0.0e+00
[ Info:  trunk_diom_100              eg2    1000       0      first_order       3   2.3e-01  -1.0e+03   6.0e-09   0.0e+00
[ Info:  trunk_diom_100          engval1    1000       0      first_order       9   3.0e-01   1.1e+03   2.2e-05   0.0e+00
[ Info:  trunk_diom_100     errinros_mod    1000       0      first_order      75   4.0e+00   4.0e+02   1.0e-03   0.0e+00
[ Info:  trunk_diom_100         extrosnb    1000       0      first_order     220   4.4e+00   3.3e-06   3.6e-04   0.0e+00
[ Info:  trunk_diom_100         fletcbv2    1000       0      first_order       5   6.9e+00  -5.0e-01   9.7e-09   0.0e+00
[ Info:  trunk_diom_100     fletcbv3_mod    1000       0      first_order      90   2.8e+00  -2.0e+03   1.0e-10   0.0e+00
[ Info:  trunk_diom_100         fletchcr    1000       0      first_order     652   1.5e+01   6.2e-18   9.9e-09   0.0e+00
[ Info:  trunk_diom_100         freuroth    1000       0      first_order      16   6.7e-01   6.1e+04   5.2e-05   0.0e+00
[ Info:  trunk_diom_100      genbroydenb    1000       0      first_order      11   1.5e+00   2.6e-09   7.2e-05   0.0e+00
[ Info:  trunk_diom_100    genbroydentri    1000       0      first_order      11   7.2e-01   7.7e-11   7.2e-06   0.0e+00
[ Info:  trunk_diom_100         genhumps    1000       0         max_time   10370   2.4e+02   2.6e+01   2.3e+01   0.0e+00
[ Info:  trunk_diom_100          genrose    1000       0      first_order     462   1.5e+01   1.0e+00   8.7e-09   0.0e+00
[ Info:  trunk_diom_100     genrose_nash    1000       0      first_order     540   1.1e+01   1.0e+00   8.6e-09   0.0e+00
[ Info:  trunk_diom_100        indef_mod    1000       0      first_order     228   5.1e+00  -9.9e+04   6.2e-09   0.0e+00
[ Info:  trunk_diom_100         integreq    1000       0      first_order       5   5.9e+01   4.9e-18   3.5e-09   0.0e+00
[ Info:  trunk_diom_100          liarwhd    1000       0      first_order      13   3.0e-01   3.2e-09   1.1e-04   0.0e+00
[ Info:  trunk_diom_100           morebv    1000       0         max_time      22   2.4e+02   2.0e-07   5.0e-06   0.0e+00
[ Info:  trunk_diom_100         nazareth    1000       0      first_order       7   1.2e+00   7.6e+05   5.0e-05   0.0e+00
[ Info:  trunk_diom_100            ncb20    1000       0      first_order      57   1.9e+01   9.2e+02   1.2e-08   0.0e+00
[ Info:  trunk_diom_100           ncb20b    1000       0      first_order      23   4.7e+01   1.7e+03   4.7e-07   0.0e+00
[ Info:  trunk_diom_100         noncvxu2    1000       0      first_order     463   1.8e+01   2.3e+03   2.3e-05   0.0e+00
[ Info:  trunk_diom_100         noncvxun    1000       0      first_order     337   8.4e+01   2.3e+03   1.3e-03   0.0e+00
[ Info:  trunk_diom_100           nondia    1000       0      first_order       2   2.2e-01   6.3e-05   1.0e-03   0.0e+00
[ Info:  trunk_diom_100         nondquar    1000       0      first_order      54   1.8e+00   1.9e-06   2.0e-05   0.0e+00
[ Info:  trunk_diom_100         penalty1    1000       0      first_order      23   4.3e-01   9.3e+05   1.0e+05   0.0e+00
[ Info:  trunk_diom_100         penalty2    1000       0         not_desc     344   0.0e+00   1.4e+83   4.9e+38   0.0e+00
[ Info:  trunk_diom_100         penalty3    1000       0      first_order      72   8.5e+00   3.5e+06   3.1e-01   0.0e+00
[ Info:  trunk_diom_100         powellsg    1000       0      first_order      16   4.0e-01   6.1e-07   4.4e-05   0.0e+00
[ Info:  trunk_diom_100            power    1000       0      first_order      16   4.7e-01   2.1e+00   8.4e+01   0.0e+00
[ Info:  trunk_diom_100           quartc    1000       0      first_order      23   3.4e-01   3.1e+03   3.3e+02   0.0e+00
[ Info:  trunk_diom_100          sbrybnd    1000       0         max_time     386   2.4e+02   1.5e+03   6.1e+03   0.0e+00
[ Info:  trunk_diom_100         schmvett    1000       0      first_order      10   5.7e-01  -3.0e+03   1.4e-07   0.0e+00
[ Info:  trunk_diom_100          scosine    1000       0         max_time     415   2.4e+02  -2.6e+02   1.0e+04   0.0e+00
[ Info:  trunk_diom_100          sinquad    1000       0      first_order      79   1.2e+00   4.8e-09   3.9e-08   0.0e+00
[ Info:  trunk_diom_100         sparsine    1000       0      first_order      99   2.2e+02   7.2e-12   3.1e-05   0.0e+00
[ Info:  trunk_diom_100         sparsqur    1000       0      first_order      16   6.2e-01   8.9e-07   1.5e-04   0.0e+00
[ Info:  trunk_diom_100         spmsrtls    1000       0      first_order      25   3.8e+00   2.0e-15   8.5e-08   0.0e+00
[ Info:  trunk_diom_100         srosenbr    1000       0      first_order      30   3.3e-01   6.9e-13   7.4e-07   0.0e+00
[ Info:  trunk_diom_100         tointgss    1000       0      first_order       8   3.8e-01   1.0e+01   2.6e-07   0.0e+00
[ Info:  trunk_diom_100         tquartic    1000       0         not_desc     299   3.1e-01   1.0e-19   2.9e-08   0.0e+00
[ Info:  trunk_diom_100           tridia    1000       0      first_order       7   1.4e+00   8.4e-11   2.8e-04   0.0e+00
[ Info:  trunk_diom_100           vardim    1000       0      first_order      16   4.3e-01   6.7e+10   9.6e+12   0.0e+00
[ Info:  trunk_diom_100            woods    1000       0      first_order      42   6.8e-01   4.6e-11   2.9e-04   0.0e+00
--> Problem found:    88
