  Activating project at `~/mth8408_projet/env`
[ Info: running solver trunk_cg
[ Info:          Solver             Name    nvar    ncon           status    iter      Time      f(x)      Dual    Primal  
[ Info:        trunk_cg             NZF1     988       0      first_order       9   9.7e-01   3.4e+05   1.1e-05   0.0e+00
[ Info:        trunk_cg          arglina    1000       0      first_order       5   3.7e-01   5.0e+02   5.8e-15   0.0e+00
[ Info:        trunk_cg          arglinb    1000       0      first_order       1   2.6e-01   2.5e+02   1.4e+04   0.0e+00
[ Info:        trunk_cg          arglinc    1000       0      first_order       1   2.5e-01   5.0e+02   5.7e+04   0.0e+00
[ Info:        trunk_cg          argtrig    1000       0         not_desc     353   2.6e+00  -1.0e+06   3.7e-07   0.0e+00
[ Info:        trunk_cg          arwhead    1000       0      first_order       5   2.5e-01   1.7e-10   6.4e-05   0.0e+00
[ Info:        trunk_cg           auglag    1000       0      first_order      24   1.1e+00   1.1e+01   1.9e-07   0.0e+00
[ Info:        trunk_cg          bdqrtic    1000       0      first_order      11   6.9e-01   2.0e+03   8.2e-04   0.0e+00
[ Info:        trunk_cg         boundary    1000       0         max_time      20   2.4e+02   1.9e-08   6.1e-07   0.0e+00
[ Info:        trunk_cg          brownal    1000       0      first_order       1   3.0e-01   1.9e-13   2.0e-05   0.0e+00
[ Info:        trunk_cg        browngen1    1000       0      first_order      25   5.6e-01   1.1e+03   1.7e+03   0.0e+00
[ Info:        trunk_cg        browngen2    1000       0      first_order       7   4.7e-01   5.3e-16   4.6e-08   0.0e+00
[ Info:        trunk_cg        broyden3d    1000       0      first_order       7   4.4e-01   5.2e-17   5.0e-08   0.0e+00
[ Info:        trunk_cg        broyden7d    1000       0      first_order       8   8.6e-01   3.4e+02   9.4e-07   0.0e+00
[ Info:        trunk_cg         broydn7d    1000       0      first_order      87   2.2e+01   2.3e+02   2.0e-08   0.0e+00
[ Info:        trunk_cg           brybnd    1000       0      first_order       8   6.4e-01   5.4e-12   2.4e-05   0.0e+00
[ Info:        trunk_cg         chainwoo    1000       0      first_order     143   2.4e+01   7.9e+01   7.1e-06   0.0e+00
[ Info:        trunk_cg     chnrosnb_mod    1000       0      first_order     776   1.4e+02   2.4e-11   6.1e-06   0.0e+00
┌ Warning: clplatea: number of variables adjusted from 1000 to 961
└ @ OptimizationProblems.ADNLPProblems ~/.julia/packages/OptimizationProblems/ZwzTS/src/ADNLPProblems/clplatea.jl:10
[ Info:        trunk_cg         clplatea     961       0      first_order       8   2.1e+00  -1.1e-02   9.1e-09   0.0e+00
┌ Warning: clplateb: number of variables adjusted from 1000 to 961
└ @ OptimizationProblems.ADNLPProblems ~/.julia/packages/OptimizationProblems/ZwzTS/src/ADNLPProblems/clplateb.jl:10
[ Info:        trunk_cg         clplateb     961       0      first_order       5   1.8e+00  -5.3e-03   9.8e-09   0.0e+00
┌ Warning: clplatec: number of variables adjusted from 1000 to 961
└ @ OptimizationProblems.ADNLPProblems ~/.julia/packages/OptimizationProblems/ZwzTS/src/ADNLPProblems/clplatec.jl:12
[ Info:        trunk_cg         clplatec     961       0      first_order       6   8.2e+00  -5.0e-03   9.9e-09   0.0e+00
[ Info:        trunk_cg           cosine    1000       0      first_order      10   2.8e-01  -1.0e+03   7.2e-08   0.0e+00
[ Info:        trunk_cg         cragglvy    1000       0      first_order      14   8.0e-01   3.4e+02   7.9e-05   0.0e+00
[ Info:        trunk_cg        cragglvy2    1000       0      first_order      16   9.1e-01   2.7e+02   6.1e-04   0.0e+00
[ Info:        trunk_cg            curly    1000       0      first_order      15   5.0e+01  -1.0e+05   1.1e-08   0.0e+00
[ Info:        trunk_cg          curly10    1000       0      first_order      15   5.0e+01  -1.0e+05   1.1e-08   0.0e+00
[ Info:        trunk_cg          curly20    1000       0      first_order      14   7.7e+01  -1.0e+05   1.4e-08   0.0e+00
[ Info:        trunk_cg          curly30    1000       0      first_order      26   8.5e+01  -1.0e+05   2.6e-08   0.0e+00
┌ Warning: dixmaan: number of variables adjusted to be a multiple of 3
└ @ OptimizationProblems.ADNLPProblems ~/.julia/packages/OptimizationProblems/ZwzTS/src/ADNLPProblems/dixmaan_efgh.jl:12
[ Info:        trunk_cg         dixmaane     999       0      first_order      22   2.8e+00   1.0e+00   1.8e-06   0.0e+00
┌ Warning: dixmaan: number of variables adjusted to be a multiple of 3
└ @ OptimizationProblems.ADNLPProblems ~/.julia/packages/OptimizationProblems/ZwzTS/src/ADNLPProblems/dixmaan_efgh.jl:12
[ Info:        trunk_cg         dixmaanf     999       0      first_order      16   2.8e+00   1.0e+00   2.4e-07   0.0e+00
┌ Warning: dixmaan: number of variables adjusted to be a multiple of 3
└ @ OptimizationProblems.ADNLPProblems ~/.julia/packages/OptimizationProblems/ZwzTS/src/ADNLPProblems/dixmaan_efgh.jl:12
[ Info:        trunk_cg         dixmaang     999       0      first_order      15   2.0e+00   1.0e+00   2.9e-06   0.0e+00
┌ Warning: dixmaan: number of variables adjusted to be a multiple of 3
└ @ OptimizationProblems.ADNLPProblems ~/.julia/packages/OptimizationProblems/ZwzTS/src/ADNLPProblems/dixmaan_efgh.jl:12
[ Info:        trunk_cg         dixmaanh     999       0      first_order      16   2.2e+00   1.0e+00   2.3e-06   0.0e+00
┌ Warning: dixmaan: number of variables adjusted to be a multiple of 3
└ @ OptimizationProblems.ADNLPProblems ~/.julia/packages/OptimizationProblems/ZwzTS/src/ADNLPProblems/dixmaan_ijkl.jl:12
[ Info:        trunk_cg         dixmaani     999       0      first_order      26   3.5e+01   1.0e+00   6.8e-07   0.0e+00
┌ Warning: dixmaan: number of variables adjusted to be a multiple of 3
└ @ OptimizationProblems.ADNLPProblems ~/.julia/packages/OptimizationProblems/ZwzTS/src/ADNLPProblems/dixmaan_ijkl.jl:12
[ Info:        trunk_cg         dixmaanj     999       0      first_order      36   2.7e+01   1.0e+00   8.8e-06   0.0e+00
┌ Warning: dixmaan: number of variables adjusted to be a multiple of 3
└ @ OptimizationProblems.ADNLPProblems ~/.julia/packages/OptimizationProblems/ZwzTS/src/ADNLPProblems/dixmaan_ijkl.jl:12
[ Info:        trunk_cg         dixmaank     999       0      first_order      41   4.2e+01   1.0e+00   1.8e-06   0.0e+00
┌ Warning: dixmaan: number of variables adjusted to be a multiple of 3
└ @ OptimizationProblems.ADNLPProblems ~/.julia/packages/OptimizationProblems/ZwzTS/src/ADNLPProblems/dixmaan_ijkl.jl:12
[ Info:        trunk_cg         dixmaanl     999       0      first_order      34   1.9e+01   1.0e+00   2.5e-05   0.0e+00
┌ Warning: dixmaan: number of variables adjusted to be a multiple of 3
└ @ OptimizationProblems.ADNLPProblems ~/.julia/packages/OptimizationProblems/ZwzTS/src/ADNLPProblems/dixmaan_mnop.jl:12
[ Info:        trunk_cg         dixmaanm     999       0      first_order       9   4.8e+01   1.0e+00   5.3e-08   0.0e+00
┌ Warning: dixmaan: number of variables adjusted to be a multiple of 3
└ @ OptimizationProblems.ADNLPProblems ~/.julia/packages/OptimizationProblems/ZwzTS/src/ADNLPProblems/dixmaan_mnop.jl:12
[ Info:        trunk_cg         dixmaann     999       0      first_order      21   5.7e+01   1.0e+00   6.8e-08   0.0e+00
┌ Warning: dixmaan: number of variables adjusted to be a multiple of 3
└ @ OptimizationProblems.ADNLPProblems ~/.julia/packages/OptimizationProblems/ZwzTS/src/ADNLPProblems/dixmaan_mnop.jl:12
[ Info:        trunk_cg         dixmaano     999       0      first_order      35   9.1e+01   1.0e+00   6.6e-06   0.0e+00
┌ Warning: dixmaan: number of variables adjusted to be a multiple of 3
└ @ OptimizationProblems.ADNLPProblems ~/.julia/packages/OptimizationProblems/ZwzTS/src/ADNLPProblems/dixmaan_mnop.jl:12
[ Info:        trunk_cg         dixmaanp     999       0      first_order      25   4.0e+01   1.0e+00   1.1e-05   0.0e+00
[ Info:        trunk_cg         dixon3dq    1000       0      first_order      12   4.0e+00   5.0e-16   1.1e-08   0.0e+00
[ Info:        trunk_cg          dqdrtic    1000       0      first_order       5   2.6e-01   1.9e-14   3.9e-06   0.0e+00
[ Info:        trunk_cg           dqrtic    1000       0      first_order      23   3.4e-01   3.1e+03   3.3e+02   0.0e+00
[ Info:        trunk_cg          edensch    1000       0      first_order       8   3.9e-01   6.0e+03   1.1e-06   0.0e+00
[ Info:        trunk_cg              eg2    1000       0      first_order       3   2.3e-01  -1.0e+03   6.0e-09   0.0e+00
[ Info:        trunk_cg          engval1    1000       0      first_order       9   3.0e-01   1.1e+03   2.2e-05   0.0e+00
[ Info:        trunk_cg     errinros_mod    1000       0      first_order      73   4.3e+00   4.0e+02   1.6e-03   0.0e+00
[ Info:        trunk_cg         extrosnb    1000       0      first_order     216   4.3e+00   3.5e-06   3.7e-04   0.0e+00
[ Info:        trunk_cg         fletcbv2    1000       0      first_order       5   7.1e+00  -5.0e-01   9.7e-09   0.0e+00
[ Info:        trunk_cg     fletcbv3_mod    1000       0      first_order      87   2.7e+00  -2.0e+03   9.1e-10   0.0e+00
[ Info:        trunk_cg         fletchcr    1000       0      first_order     652   1.4e+01   6.1e-18   1.0e-08   0.0e+00
[ Info:        trunk_cg         freuroth    1000       0      first_order      16   6.7e-01   6.1e+04   5.2e-05   0.0e+00
[ Info:        trunk_cg      genbroydenb    1000       0      first_order      11   1.6e+00   2.6e-09   7.2e-05   0.0e+00
[ Info:        trunk_cg    genbroydentri    1000       0      first_order      11   7.2e-01   7.7e-11   7.2e-06   0.0e+00
[ Info:        trunk_cg         genhumps    1000       0      first_order    7014   2.0e+02   1.1e-09   2.1e-05   0.0e+00
[ Info:        trunk_cg          genrose    1000       0      first_order     459   1.5e+01   1.0e+00   8.7e-09   0.0e+00
[ Info:        trunk_cg     genrose_nash    1000       0      first_order     554   1.2e+01   1.0e+00   8.9e-09   0.0e+00
[ Info:        trunk_cg        indef_mod    1000       0      first_order     162   3.7e+00  -9.9e+04   3.5e-07   0.0e+00
[ Info:        trunk_cg         integreq    1000       0      first_order       5   5.9e+01   4.9e-18   3.5e-09   0.0e+00
[ Info:        trunk_cg          liarwhd    1000       0      first_order      13   5.9e-01   3.2e-09   1.1e-04   0.0e+00
[ Info:        trunk_cg           morebv    1000       0         max_time      22   2.4e+02   2.0e-07   4.8e-06   0.0e+00
[ Info:        trunk_cg         nazareth    1000       0      first_order       7   1.2e+00   7.6e+05   5.0e-05   0.0e+00
[ Info:        trunk_cg            ncb20    1000       0      first_order      55   2.2e+01   9.2e+02   1.2e-08   0.0e+00
[ Info:        trunk_cg           ncb20b    1000       0      first_order      21   5.7e+01   1.7e+03   3.6e-08   0.0e+00
[ Info:        trunk_cg         noncvxu2    1000       0      first_order     523   1.9e+01   2.3e+03   2.7e-06   0.0e+00
[ Info:        trunk_cg         noncvxun    1000       0      first_order     279   5.4e+01   2.3e+03   1.1e-04   0.0e+00
[ Info:        trunk_cg           nondia    1000       0      first_order       2   2.3e-01   6.3e-05   1.0e-03   0.0e+00
[ Info:        trunk_cg         nondquar    1000       0      first_order      40   2.7e+00   3.1e-06   2.7e-05   0.0e+00
[ Info:        trunk_cg         penalty1    1000       0      first_order      23   4.3e-01   9.3e+05   1.0e+05   0.0e+00
[ Info:        trunk_cg         penalty2    1000       0         not_desc     344   0.0e+00   1.4e+83   4.9e+38   0.0e+00
[ Info:        trunk_cg         penalty3    1000       0      first_order      72   8.7e+00   3.5e+06   3.2e-01   0.0e+00
[ Info:        trunk_cg         powellsg    1000       0      first_order      16   3.9e-01   6.1e-07   4.4e-05   0.0e+00
[ Info:        trunk_cg            power    1000       0      first_order      16   4.9e-01   2.1e+00   8.4e+01   0.0e+00
[ Info:        trunk_cg           quartc    1000       0      first_order      23   3.4e-01   3.1e+03   3.3e+02   0.0e+00
[ Info:        trunk_cg          sbrybnd    1000       0         max_time     374   2.4e+02   1.5e+03   3.2e+03   0.0e+00
[ Info:        trunk_cg         schmvett    1000       0      first_order      10   5.7e-01  -3.0e+03   1.4e-07   0.0e+00
[ Info:        trunk_cg          scosine    1000       0         max_time     350   2.4e+02  -1.0e+02   6.6e+03   0.0e+00
[ Info:        trunk_cg          sinquad    1000       0      first_order      81   1.3e+00   2.7e-09   2.5e-08   0.0e+00
[ Info:        trunk_cg         sparsine    1000       0      first_order     106   2.4e+02   5.5e-10   9.8e-05   0.0e+00
[ Info:        trunk_cg         sparsqur    1000       0      first_order      16   6.2e-01   8.9e-07   1.5e-04   0.0e+00
[ Info:        trunk_cg         spmsrtls    1000       0      first_order      25   3.8e+00   3.2e-15   1.2e-07   0.0e+00
[ Info:        trunk_cg         srosenbr    1000       0      first_order      30   3.3e-01   6.9e-13   7.4e-07   0.0e+00
[ Info:        trunk_cg         tointgss    1000       0      first_order       8   3.8e-01   1.0e+01   2.6e-07   0.0e+00
[ Info:        trunk_cg         tquartic    1000       0         not_desc     299   2.7e-01   1.0e-19   2.9e-08   0.0e+00
[ Info:        trunk_cg           tridia    1000       0      first_order       7   1.6e+00   9.0e-11   2.8e-04   0.0e+00
[ Info:        trunk_cg           vardim    1000       0      first_order      16   4.2e-01   6.7e+10   9.6e+12   0.0e+00
[ Info:        trunk_cg            woods    1000       0      first_order      54   7.3e-01   3.8e-13   8.7e-06   0.0e+00
--> Problem found:    88
