  Activating project at `~/mth8408_projet/env`
[ Info: running solver trunk_diom_500
[ Info:          Solver             Name    nvar    ncon           status    iter      Time      f(x)      Dual    Primal  
[ Info:  trunk_diom_500             NZF1     988       0      first_order       9   9.7e-01   3.4e+05   1.1e-05   0.0e+00
[ Info:  trunk_diom_500          arglina    1000       0      first_order       5   3.7e-01   5.0e+02   9.6e-14   0.0e+00
[ Info:  trunk_diom_500          arglinb    1000       0      first_order       1   2.6e-01   2.5e+02   5.2e+03   0.0e+00
[ Info:  trunk_diom_500          arglinc    1000       0      first_order       1   2.6e-01   5.0e+02   2.3e+04   0.0e+00
[ Info:  trunk_diom_500          argtrig    1000       0         not_desc     353   2.6e+00  -1.0e+06   3.7e-07   0.0e+00
[ Info:  trunk_diom_500          arwhead    1000       0      first_order       5   2.5e-01   1.7e-10   6.4e-05   0.0e+00
[ Info:  trunk_diom_500           auglag    1000       0      first_order      24   1.1e+00   1.1e+01   1.9e-07   0.0e+00
[ Info:  trunk_diom_500          bdqrtic    1000       0      first_order      11   6.8e-01   2.0e+03   8.2e-04   0.0e+00
[ Info:  trunk_diom_500         boundary    1000       0         max_time      19   2.4e+02   1.9e-08   2.3e-07   0.0e+00
[ Info:  trunk_diom_500          brownal    1000       0      first_order       1   3.0e-01   1.9e-13   2.0e-05   0.0e+00
[ Info:  trunk_diom_500        browngen1    1000       0      first_order      25   5.2e-01   1.1e+03   1.8e+03   0.0e+00
[ Info:  trunk_diom_500        browngen2    1000       0      first_order       7   4.7e-01   5.3e-16   4.6e-08   0.0e+00
[ Info:  trunk_diom_500        broyden3d    1000       0      first_order       7   4.4e-01   5.2e-17   5.0e-08   0.0e+00
[ Info:  trunk_diom_500        broyden7d    1000       0      first_order       8   8.3e-01   3.4e+02   9.4e-07   0.0e+00
[ Info:  trunk_diom_500         broydn7d    1000       0      first_order      84   2.2e+01   2.6e+02   4.3e-08   0.0e+00
[ Info:  trunk_diom_500           brybnd    1000       0      first_order       8   6.4e-01   5.4e-12   2.4e-05   0.0e+00
[ Info:  trunk_diom_500         chainwoo    1000       0      first_order     163   2.8e+01   9.5e+01   3.1e-05   0.0e+00
[ Info:  trunk_diom_500     chnrosnb_mod    1000       0      first_order     764   1.5e+02   7.8e-12   1.1e-04   0.0e+00
┌ Warning: clplatea: number of variables adjusted from 1000 to 961
└ @ OptimizationProblems.ADNLPProblems ~/.julia/packages/OptimizationProblems/ZwzTS/src/ADNLPProblems/clplatea.jl:10
[ Info:  trunk_diom_500         clplatea     961       0      first_order       8   2.1e+00  -1.1e-02   8.4e-09   0.0e+00
┌ Warning: clplateb: number of variables adjusted from 1000 to 961
└ @ OptimizationProblems.ADNLPProblems ~/.julia/packages/OptimizationProblems/ZwzTS/src/ADNLPProblems/clplateb.jl:10
[ Info:  trunk_diom_500         clplateb     961       0      first_order       5   1.8e+00  -5.3e-03   9.8e-09   0.0e+00
┌ Warning: clplatec: number of variables adjusted from 1000 to 961
└ @ OptimizationProblems.ADNLPProblems ~/.julia/packages/OptimizationProblems/ZwzTS/src/ADNLPProblems/clplatec.jl:12
[ Info:  trunk_diom_500         clplatec     961       0      first_order       6   8.8e+00  -5.0e-03   9.3e-09   0.0e+00
[ Info:  trunk_diom_500           cosine    1000       0      first_order      10   3.0e-01  -1.0e+03   7.2e-08   0.0e+00
[ Info:  trunk_diom_500         cragglvy    1000       0      first_order      14   8.2e-01   3.4e+02   7.9e-05   0.0e+00
[ Info:  trunk_diom_500        cragglvy2    1000       0      first_order      16   9.4e-01   2.7e+02   6.1e-04   0.0e+00
[ Info:  trunk_diom_500            curly    1000       0      first_order      15   2.1e+01  -1.0e+05   1.0e-08   0.0e+00
[ Info:  trunk_diom_500          curly10    1000       0      first_order      15   2.1e+01  -1.0e+05   1.0e-08   0.0e+00
[ Info:  trunk_diom_500          curly20    1000       0      first_order      13   1.7e+01  -1.0e+05   5.8e-07   0.0e+00
[ Info:  trunk_diom_500          curly30    1000       0      first_order      26   2.1e+01  -1.0e+05   1.1e-08   0.0e+00
┌ Warning: dixmaan: number of variables adjusted to be a multiple of 3
└ @ OptimizationProblems.ADNLPProblems ~/.julia/packages/OptimizationProblems/ZwzTS/src/ADNLPProblems/dixmaan_efgh.jl:12
[ Info:  trunk_diom_500         dixmaane     999       0      first_order      22   2.8e+00   1.0e+00   1.8e-06   0.0e+00
┌ Warning: dixmaan: number of variables adjusted to be a multiple of 3
└ @ OptimizationProblems.ADNLPProblems ~/.julia/packages/OptimizationProblems/ZwzTS/src/ADNLPProblems/dixmaan_efgh.jl:12
[ Info:  trunk_diom_500         dixmaanf     999       0      first_order      16   2.8e+00   1.0e+00   2.4e-07   0.0e+00
┌ Warning: dixmaan: number of variables adjusted to be a multiple of 3
└ @ OptimizationProblems.ADNLPProblems ~/.julia/packages/OptimizationProblems/ZwzTS/src/ADNLPProblems/dixmaan_efgh.jl:12
[ Info:  trunk_diom_500         dixmaang     999       0      first_order      15   2.0e+00   1.0e+00   2.9e-06   0.0e+00
┌ Warning: dixmaan: number of variables adjusted to be a multiple of 3
└ @ OptimizationProblems.ADNLPProblems ~/.julia/packages/OptimizationProblems/ZwzTS/src/ADNLPProblems/dixmaan_efgh.jl:12
[ Info:  trunk_diom_500         dixmaanh     999       0      first_order      16   2.2e+00   1.0e+00   2.3e-06   0.0e+00
┌ Warning: dixmaan: number of variables adjusted to be a multiple of 3
└ @ OptimizationProblems.ADNLPProblems ~/.julia/packages/OptimizationProblems/ZwzTS/src/ADNLPProblems/dixmaan_ijkl.jl:12
[ Info:  trunk_diom_500         dixmaani     999       0      first_order      26   3.4e+01   1.0e+00   7.2e-07   0.0e+00
┌ Warning: dixmaan: number of variables adjusted to be a multiple of 3
└ @ OptimizationProblems.ADNLPProblems ~/.julia/packages/OptimizationProblems/ZwzTS/src/ADNLPProblems/dixmaan_ijkl.jl:12
[ Info:  trunk_diom_500         dixmaanj     999       0      first_order      37   4.0e+01   1.0e+00   3.7e-08   0.0e+00
┌ Warning: dixmaan: number of variables adjusted to be a multiple of 3
└ @ OptimizationProblems.ADNLPProblems ~/.julia/packages/OptimizationProblems/ZwzTS/src/ADNLPProblems/dixmaan_ijkl.jl:12
[ Info:  trunk_diom_500         dixmaank     999       0      first_order      41   4.3e+01   1.0e+00   1.4e-06   0.0e+00
┌ Warning: dixmaan: number of variables adjusted to be a multiple of 3
└ @ OptimizationProblems.ADNLPProblems ~/.julia/packages/OptimizationProblems/ZwzTS/src/ADNLPProblems/dixmaan_ijkl.jl:12
[ Info:  trunk_diom_500         dixmaanl     999       0      first_order      34   1.9e+01   1.0e+00   2.5e-05   0.0e+00
┌ Warning: dixmaan: number of variables adjusted to be a multiple of 3
└ @ OptimizationProblems.ADNLPProblems ~/.julia/packages/OptimizationProblems/ZwzTS/src/ADNLPProblems/dixmaan_mnop.jl:12
[ Info:  trunk_diom_500         dixmaanm     999       0      first_order       9   4.8e+01   1.0e+00   6.2e-08   0.0e+00
┌ Warning: dixmaan: number of variables adjusted to be a multiple of 3
└ @ OptimizationProblems.ADNLPProblems ~/.julia/packages/OptimizationProblems/ZwzTS/src/ADNLPProblems/dixmaan_mnop.jl:12
[ Info:  trunk_diom_500         dixmaann     999       0      first_order      21   5.6e+01   1.0e+00   6.8e-08   0.0e+00
┌ Warning: dixmaan: number of variables adjusted to be a multiple of 3
└ @ OptimizationProblems.ADNLPProblems ~/.julia/packages/OptimizationProblems/ZwzTS/src/ADNLPProblems/dixmaan_mnop.jl:12
[ Info:  trunk_diom_500         dixmaano     999       0      first_order      49   1.3e+02   1.0e+00   1.8e-07   0.0e+00
┌ Warning: dixmaan: number of variables adjusted to be a multiple of 3
└ @ OptimizationProblems.ADNLPProblems ~/.julia/packages/OptimizationProblems/ZwzTS/src/ADNLPProblems/dixmaan_mnop.jl:12
[ Info:  trunk_diom_500         dixmaanp     999       0      first_order      25   3.9e+01   1.0e+00   1.1e-05   0.0e+00
[ Info:  trunk_diom_500         dixon3dq    1000       0      first_order      12   4.8e+00   5.0e-16   1.1e-08   0.0e+00
[ Info:  trunk_diom_500          dqdrtic    1000       0      first_order       5   2.7e-01   1.9e-14   3.9e-06   0.0e+00
[ Info:  trunk_diom_500           dqrtic    1000       0      first_order      23   3.7e-01   3.1e+03   3.3e+02   0.0e+00
[ Info:  trunk_diom_500          edensch    1000       0      first_order       8   3.9e-01   6.0e+03   1.1e-06   0.0e+00
[ Info:  trunk_diom_500              eg2    1000       0      first_order       3   2.4e-01  -1.0e+03   6.0e-09   0.0e+00
[ Info:  trunk_diom_500          engval1    1000       0      first_order       9   3.1e-01   1.1e+03   2.2e-05   0.0e+00
[ Info:  trunk_diom_500     errinros_mod    1000       0      first_order      75   4.2e+00   4.0e+02   1.0e-03   0.0e+00
[ Info:  trunk_diom_500         extrosnb    1000       0      first_order     220   4.8e+00   3.3e-06   3.6e-04   0.0e+00
[ Info:  trunk_diom_500         fletcbv2    1000       0      first_order       5   7.4e+00  -5.0e-01   9.7e-09   0.0e+00
[ Info:  trunk_diom_500     fletcbv3_mod    1000       0      first_order      90   2.9e+00  -2.0e+03   1.0e-10   0.0e+00
[ Info:  trunk_diom_500         fletchcr    1000       0      first_order     652   1.5e+01   6.0e-18   9.9e-09   0.0e+00
[ Info:  trunk_diom_500         freuroth    1000       0      first_order      16   7.0e-01   6.1e+04   5.2e-05   0.0e+00
[ Info:  trunk_diom_500      genbroydenb    1000       0      first_order      11   1.5e+00   2.6e-09   7.2e-05   0.0e+00
[ Info:  trunk_diom_500    genbroydentri    1000       0      first_order      11   7.2e-01   7.7e-11   7.2e-06   0.0e+00
[ Info:  trunk_diom_500         genhumps    1000       0         max_time   10286   2.4e+02   3.9e+01   3.6e+01   0.0e+00
[ Info:  trunk_diom_500          genrose    1000       0      first_order     462   1.6e+01   1.0e+00   8.7e-09   0.0e+00
[ Info:  trunk_diom_500     genrose_nash    1000       0      first_order     540   1.2e+01   1.0e+00   8.6e-09   0.0e+00
[ Info:  trunk_diom_500        indef_mod    1000       0      first_order     228   5.2e+00  -9.9e+04   6.2e-09   0.0e+00
[ Info:  trunk_diom_500         integreq    1000       0      first_order       5   5.8e+01   4.9e-18   3.5e-09   0.0e+00
[ Info:  trunk_diom_500          liarwhd    1000       0      first_order      13   3.1e-01   3.2e-09   1.1e-04   0.0e+00
[ Info:  trunk_diom_500           morebv    1000       0         max_time      21   2.4e+02   2.0e-07   3.6e-06   0.0e+00
[ Info:  trunk_diom_500         nazareth    1000       0      first_order       7   1.2e+00   7.6e+05   5.0e-05   0.0e+00
[ Info:  trunk_diom_500            ncb20    1000       0      first_order      57   1.9e+01   9.2e+02   1.2e-08   0.0e+00
[ Info:  trunk_diom_500           ncb20b    1000       0      first_order      23   4.6e+01   1.7e+03   4.7e-07   0.0e+00
[ Info:  trunk_diom_500         noncvxu2    1000       0      first_order     463   1.9e+01   2.3e+03   2.3e-05   0.0e+00
[ Info:  trunk_diom_500         noncvxun    1000       0      first_order     335   6.4e+01   2.3e+03   1.3e-04   0.0e+00
[ Info:  trunk_diom_500           nondia    1000       0      first_order       2   2.7e-01   6.3e-05   1.0e-03   0.0e+00
[ Info:  trunk_diom_500         nondquar    1000       0      first_order      54   2.0e+00   1.9e-06   2.0e-05   0.0e+00
[ Info:  trunk_diom_500         penalty1    1000       0      first_order      23   4.4e-01   9.3e+05   1.0e+05   0.0e+00
[ Info:  trunk_diom_500         penalty2    1000       0         not_desc     344   0.0e+00   1.4e+83   4.9e+38   0.0e+00
[ Info:  trunk_diom_500         penalty3    1000       0      first_order      72   8.5e+00   3.5e+06   3.1e-01   0.0e+00
[ Info:  trunk_diom_500         powellsg    1000       0      first_order      16   4.0e-01   6.1e-07   4.4e-05   0.0e+00
[ Info:  trunk_diom_500            power    1000       0      first_order      16   5.0e-01   2.1e+00   8.4e+01   0.0e+00
[ Info:  trunk_diom_500           quartc    1000       0      first_order      23   3.5e-01   3.1e+03   3.3e+02   0.0e+00
[ Info:  trunk_diom_500          sbrybnd    1000       0         max_time     389   2.4e+02   1.5e+03   8.2e+03   0.0e+00
[ Info:  trunk_diom_500         schmvett    1000       0      first_order      10   5.8e-01  -3.0e+03   1.4e-07   0.0e+00
[ Info:  trunk_diom_500          scosine    1000       0         max_time     525   2.4e+02  -3.2e+02   1.5e+03   0.0e+00
[ Info:  trunk_diom_500          sinquad    1000       0      first_order      79   1.2e+00   4.8e-09   3.9e-08   0.0e+00
[ Info:  trunk_diom_500         sparsine    1000       0      first_order      95   1.9e+02   1.6e-10   1.3e-03   0.0e+00
[ Info:  trunk_diom_500         sparsqur    1000       0      first_order      16   6.3e-01   8.9e-07   1.5e-04   0.0e+00
[ Info:  trunk_diom_500         spmsrtls    1000       0      first_order      25   3.8e+00   2.0e-15   8.5e-08   0.0e+00
[ Info:  trunk_diom_500         srosenbr    1000       0      first_order      30   3.5e-01   6.9e-13   7.4e-07   0.0e+00
[ Info:  trunk_diom_500         tointgss    1000       0      first_order       8   3.9e-01   1.0e+01   2.6e-07   0.0e+00
[ Info:  trunk_diom_500         tquartic    1000       0         not_desc     299   3.1e-01   1.0e-19   2.9e-08   0.0e+00
[ Info:  trunk_diom_500           tridia    1000       0      first_order       7   1.5e+00   1.0e-10   2.5e-04   0.0e+00
[ Info:  trunk_diom_500           vardim    1000       0      first_order      16   4.3e-01   6.7e+10   9.6e+12   0.0e+00
[ Info:  trunk_diom_500            woods    1000       0      first_order      42   7.2e-01   4.6e-11   2.9e-04   0.0e+00
--> Problem found:    88
